<?xml version="1.0" encoding="UTF-8"?>
<coverage generated="1508749756366" clover="3.2.0">
  <project timestamp="1508749756367" name="All files">
    <metrics statements="479" coveredstatements="249" conditionals="75" coveredconditionals="15" methods="124" coveredmethods="61" elements="678" coveredelements="325" complexity="0" loc="479" ncloc="479" packages="9" files="27" classes="27">
      <package name="actions">
        <metrics statements="27" coveredstatements="27" conditionals="0" coveredconditionals="0" methods="0" coveredmethods="0"/>
        <file name="AppActions.js" path="/Users/andeladeveloper/Desktop/post-it-app/client/src/js/actions/AppActions.js">
          <metrics statements="27" coveredstatements="27" conditionals="0" coveredconditionals="0" methods="0" coveredmethods="0"/>
          <line num="5" count="17" type="stmt"/>
          <line num="7" count="1" type="stmt"/>
          <line num="14" count="1" type="stmt"/>
          <line num="21" count="1" type="stmt"/>
          <line num="28" count="1" type="stmt"/>
          <line num="35" count="1" type="stmt"/>
          <line num="42" count="1" type="stmt"/>
          <line num="49" count="1" type="stmt"/>
          <line num="56" count="1" type="stmt"/>
          <line num="63" count="1" type="stmt"/>
          <line num="70" count="1" type="stmt"/>
          <line num="77" count="1" type="stmt"/>
          <line num="84" count="1" type="stmt"/>
          <line num="91" count="1" type="stmt"/>
          <line num="98" count="1" type="stmt"/>
          <line num="105" count="2" type="stmt"/>
          <line num="112" count="1" type="stmt"/>
          <line num="119" count="1" type="stmt"/>
          <line num="126" count="1" type="stmt"/>
          <line num="133" count="1" type="stmt"/>
          <line num="139" count="1" type="stmt"/>
          <line num="146" count="1" type="stmt"/>
          <line num="153" count="1" type="stmt"/>
          <line num="160" count="1" type="stmt"/>
          <line num="167" count="1" type="stmt"/>
          <line num="174" count="1" type="stmt"/>
          <line num="181" count="17" type="stmt"/>
        </file>
      </package>
      <package name="components">
        <metrics statements="116" coveredstatements="70" conditionals="24" coveredconditionals="8" methods="43" coveredmethods="27"/>
        <file name="App.jsx" path="/Users/andeladeveloper/Desktop/post-it-app/client/src/js/components/App.jsx">
          <metrics statements="15" coveredstatements="9" conditionals="4" coveredconditionals="2" methods="5" coveredmethods="4"/>
          <line num="26" count="6" type="stmt"/>
          <line num="27" count="6" type="stmt"/>
          <line num="34" count="6" type="stmt"/>
          <line num="47" count="1" type="stmt"/>
          <line num="58" count="1" type="stmt"/>
          <line num="69" count="0" type="stmt"/>
          <line num="70" count="0" type="stmt"/>
          <line num="71" count="0" type="stmt"/>
          <line num="72" count="0" type="stmt"/>
          <line num="83" count="6" type="cond" truecount="1" falsecount="1"/>
          <line num="84" count="0" type="stmt"/>
          <line num="88" count="6" type="cond" truecount="1" falsecount="1"/>
          <line num="89" count="6" type="stmt"/>
          <line num="99" count="0" type="stmt"/>
          <line num="101" count="6" type="stmt"/>
        </file>
        <file name="Footer.jsx" path="/Users/andeladeveloper/Desktop/post-it-app/client/src/js/components/Footer.jsx">
          <metrics statements="1" coveredstatements="1" conditionals="0" coveredconditionals="0" methods="1" coveredmethods="1"/>
          <line num="13" count="1" type="stmt"/>
        </file>
        <file name="GoogleWelcome.jsx" path="/Users/andeladeveloper/Desktop/post-it-app/client/src/js/components/GoogleWelcome.jsx">
          <metrics statements="19" coveredstatements="5" conditionals="2" coveredconditionals="0" methods="7" coveredmethods="2"/>
          <line num="18" count="3" type="stmt"/>
          <line num="19" count="3" type="stmt"/>
          <line num="24" count="3" type="stmt"/>
          <line num="25" count="3" type="stmt"/>
          <line num="38" count="0" type="stmt"/>
          <line num="49" count="0" type="stmt"/>
          <line num="63" count="0" type="stmt"/>
          <line num="66" count="0" type="stmt"/>
          <line num="68" count="0" type="stmt"/>
          <line num="70" count="0" type="stmt"/>
          <line num="77" count="0" type="cond" truecount="0" falsecount="2"/>
          <line num="78" count="0" type="stmt"/>
          <line num="80" count="0" type="stmt"/>
          <line num="92" count="0" type="stmt"/>
          <line num="109" count="3" type="stmt"/>
          <line num="110" count="0" type="stmt"/>
          <line num="111" count="0" type="stmt"/>
          <line num="112" count="0" type="stmt"/>
          <line num="113" count="0" type="stmt"/>
        </file>
        <file name="Home.jsx" path="/Users/andeladeveloper/Desktop/post-it-app/client/src/js/components/Home.jsx">
          <metrics statements="7" coveredstatements="5" conditionals="0" coveredconditionals="0" methods="5" coveredmethods="3"/>
          <line num="16" count="1" type="stmt"/>
          <line num="17" count="1" type="stmt"/>
          <line num="20" count="1" type="stmt"/>
          <line num="35" count="1" type="stmt"/>
          <line num="46" count="0" type="stmt"/>
          <line num="57" count="0" type="stmt"/>
          <line num="63" count="1" type="stmt"/>
        </file>
        <file name="Navigation.jsx" path="/Users/andeladeveloper/Desktop/post-it-app/client/src/js/components/Navigation.jsx">
          <metrics statements="1" coveredstatements="1" conditionals="0" coveredconditionals="0" methods="1" coveredmethods="1"/>
          <line num="21" count="3" type="stmt"/>
        </file>
        <file name="ResetPassword.jsx" path="/Users/andeladeveloper/Desktop/post-it-app/client/src/js/components/ResetPassword.jsx">
          <metrics statements="5" coveredstatements="5" conditionals="0" coveredconditionals="0" methods="2" coveredmethods="2"/>
          <line num="14" count="3" type="stmt"/>
          <line num="57" count="1" type="stmt"/>
          <line num="58" count="1" type="stmt"/>
          <line num="63" count="1" type="stmt"/>
          <line num="64" count="1" type="stmt"/>
        </file>
        <file name="Routes.jsx" path="/Users/andeladeveloper/Desktop/post-it-app/client/src/js/components/Routes.jsx">
          <metrics statements="6" coveredstatements="1" conditionals="4" coveredconditionals="0" methods="6" coveredmethods="1"/>
          <line num="25" count="0" type="stmt"/>
          <line num="28" count="0" type="cond" truecount="0" falsecount="2"/>
          <line num="44" count="0" type="stmt"/>
          <line num="47" count="0" type="cond" truecount="0" falsecount="2"/>
          <line num="65" count="2" type="stmt"/>
          <line num="82" count="0" type="stmt"/>
        </file>
        <file name="Signin.jsx" path="/Users/andeladeveloper/Desktop/post-it-app/client/src/js/components/Signin.jsx">
          <metrics statements="36" coveredstatements="22" conditionals="6" coveredconditionals="2" methods="9" coveredmethods="7"/>
          <line num="24" count="5" type="stmt"/>
          <line num="25" count="5" type="stmt"/>
          <line num="31" count="5" type="stmt"/>
          <line num="32" count="5" type="stmt"/>
          <line num="33" count="5" type="stmt"/>
          <line num="46" count="5" type="stmt"/>
          <line num="57" count="1" type="stmt"/>
          <line num="70" count="1" type="stmt"/>
          <line num="71" count="1" type="stmt"/>
          <line num="77" count="1" type="cond" truecount="1" falsecount="1"/>
          <line num="78" count="1" type="stmt"/>
          <line num="79" count="1" type="stmt"/>
          <line num="80" count="1" type="stmt"/>
          <line num="82" count="0" type="stmt"/>
          <line num="97" count="1" type="stmt"/>
          <line num="99" count="1" type="stmt"/>
          <line num="101" count="0" type="stmt"/>
          <line num="102" count="0" type="stmt"/>
          <line num="104" count="1" type="stmt"/>
          <line num="105" count="1" type="stmt"/>
          <line num="106" count="1" type="stmt"/>
          <line num="108" count="1" type="stmt"/>
          <line num="109" count="0" type="stmt"/>
          <line num="110" count="0" type="stmt"/>
          <line num="111" count="0" type="stmt"/>
          <line num="112" count="0" type="stmt"/>
          <line num="118" count="0" type="cond" truecount="0" falsecount="2"/>
          <line num="119" count="0" type="stmt"/>
          <line num="120" count="0" type="stmt"/>
          <line num="122" count="0" type="stmt"/>
          <line num="123" count="0" type="stmt"/>
          <line num="138" count="0" type="stmt"/>
          <line num="154" count="5" type="cond" truecount="1" falsecount="1"/>
          <line num="155" count="5" type="stmt"/>
          <line num="178" count="0" type="stmt"/>
          <line num="181" count="5" type="stmt"/>
        </file>
        <file name="Signup.jsx" path="/Users/andeladeveloper/Desktop/post-it-app/client/src/js/components/Signup.jsx">
          <metrics statements="26" coveredstatements="21" conditionals="8" coveredconditionals="4" methods="7" coveredmethods="6"/>
          <line num="22" count="3" type="stmt"/>
          <line num="23" count="3" type="stmt"/>
          <line num="31" count="3" type="stmt"/>
          <line num="32" count="3" type="stmt"/>
          <line num="46" count="3" type="stmt"/>
          <line num="57" count="1" type="stmt"/>
          <line num="69" count="0" type="stmt"/>
          <line num="89" count="1" type="stmt"/>
          <line num="99" count="1" type="stmt"/>
          <line num="102" count="1" type="stmt"/>
          <line num="104" count="1" type="stmt"/>
          <line num="111" count="1" type="cond" truecount="1" falsecount="1"/>
          <line num="112" count="0" type="stmt"/>
          <line num="113" count="1" type="cond" truecount="1" falsecount="1"/>
          <line num="114" count="0" type="stmt"/>
          <line num="115" count="1" type="cond" truecount="1" falsecount="1"/>
          <line num="116" count="0" type="stmt"/>
          <line num="118" count="1" type="cond" truecount="1" falsecount="1"/>
          <line num="119" count="0" type="stmt"/>
          <line num="121" count="1" type="stmt"/>
          <line num="122" count="1" type="stmt"/>
          <line num="123" count="1" type="stmt"/>
          <line num="124" count="1" type="stmt"/>
          <line num="125" count="1" type="stmt"/>
          <line num="126" count="1" type="stmt"/>
          <line num="138" count="3" type="stmt"/>
        </file>
      </package>
      <package name="components.Dashboard">
        <metrics statements="98" coveredstatements="49" conditionals="20" coveredconditionals="6" methods="48" coveredmethods="20"/>
        <file name="Board.jsx" path="/Users/andeladeveloper/Desktop/post-it-app/client/src/js/components/Dashboard/Board.jsx">
          <metrics statements="15" coveredstatements="8" conditionals="4" coveredconditionals="0" methods="7" coveredmethods="5"/>
          <line num="18" count="3" type="stmt"/>
          <line num="19" count="3" type="stmt"/>
          <line num="24" count="3" type="stmt"/>
          <line num="25" count="3" type="stmt"/>
          <line num="38" count="3" type="stmt"/>
          <line num="50" count="1" type="stmt"/>
          <line num="64" count="0" type="stmt"/>
          <line num="65" count="0" type="stmt"/>
          <line num="66" count="0" type="stmt"/>
          <line num="76" count="0" type="cond" truecount="0" falsecount="4"/>
          <line num="77" count="0" type="stmt"/>
          <line num="78" count="0" type="stmt"/>
          <line num="83" count="1" type="stmt"/>
          <line num="100" count="4" type="stmt"/>
          <line num="107" count="0" type="stmt"/>
        </file>
        <file name="Dashboard.jsx" path="/Users/andeladeveloper/Desktop/post-it-app/client/src/js/components/Dashboard/Dashboard.jsx">
          <metrics statements="15" coveredstatements="12" conditionals="10" coveredconditionals="6" methods="6" coveredmethods="4"/>
          <line num="23" count="3" type="stmt"/>
          <line num="24" count="3" type="stmt"/>
          <line num="33" count="3" type="stmt"/>
          <line num="47" count="1" type="cond" truecount="1" falsecount="1"/>
          <line num="48" count="1" type="stmt"/>
          <line num="49" count="0" type="stmt"/>
          <line num="50" count="0" type="stmt"/>
          <line num="52" count="1" type="stmt"/>
          <line num="55" count="1" type="stmt"/>
          <line num="69" count="1" type="stmt"/>
          <line num="82" count="0" type="stmt"/>
          <line num="105" count="3" type="stmt"/>
          <line num="106" count="3" type="cond" truecount="2" falsecount="0"/>
          <line num="107" count="3" type="cond" truecount="1" falsecount="1"/>
          <line num="108" count="3" type="stmt"/>
        </file>
        <file name="DashboardNavigation.jsx" path="/Users/andeladeveloper/Desktop/post-it-app/client/src/js/components/Dashboard/DashboardNavigation.jsx">
          <metrics statements="38" coveredstatements="13" conditionals="4" coveredconditionals="0" methods="17" coveredmethods="2"/>
          <line num="19" count="5" type="stmt"/>
          <line num="20" count="5" type="stmt"/>
          <line num="29" count="5" type="stmt"/>
          <line num="30" count="5" type="stmt"/>
          <line num="31" count="5" type="stmt"/>
          <line num="32" count="5" type="stmt"/>
          <line num="33" count="5" type="stmt"/>
          <line num="34" count="5" type="stmt"/>
          <line num="35" count="5" type="stmt"/>
          <line num="44" count="0" type="stmt"/>
          <line num="47" count="0" type="stmt"/>
          <line num="56" count="0" type="stmt"/>
          <line num="59" count="0" type="stmt"/>
          <line num="69" count="0" type="stmt"/>
          <line num="72" count="0" type="stmt"/>
          <line num="85" count="0" type="stmt"/>
          <line num="86" count="0" type="stmt"/>
          <line num="88" count="0" type="stmt"/>
          <line num="91" count="0" type="stmt"/>
          <line num="92" count="0" type="stmt"/>
          <line num="96" count="0" type="stmt"/>
          <line num="110" count="0" type="stmt"/>
          <line num="113" count="0" type="stmt"/>
          <line num="116" count="0" type="stmt"/>
          <line num="117" count="0" type="stmt"/>
          <line num="121" count="0" type="cond" truecount="0" falsecount="2"/>
          <line num="122" count="0" type="stmt"/>
          <line num="124" count="0" type="cond" truecount="0" falsecount="2"/>
          <line num="125" count="0" type="stmt"/>
          <line num="127" count="0" type="stmt"/>
          <line num="142" count="0" type="stmt"/>
          <line num="143" count="0" type="stmt"/>
          <line num="156" count="5" type="stmt"/>
          <line num="157" count="5" type="stmt"/>
          <line num="158" count="2" type="stmt"/>
          <line num="160" count="2" type="stmt"/>
          <line num="190" count="0" type="stmt"/>
          <line num="227" count="0" type="stmt"/>
        </file>
        <file name="GroupOptions.jsx" path="/Users/andeladeveloper/Desktop/post-it-app/client/src/js/components/Dashboard/GroupOptions.jsx">
          <metrics statements="1" coveredstatements="1" conditionals="0" coveredconditionals="0" methods="1" coveredmethods="1"/>
          <line num="14" count="1" type="stmt"/>
        </file>
        <file name="Groups.jsx" path="/Users/andeladeveloper/Desktop/post-it-app/client/src/js/components/Dashboard/Groups.jsx">
          <metrics statements="4" coveredstatements="2" conditionals="0" coveredconditionals="0" methods="2" coveredmethods="1"/>
          <line num="15" count="3" type="stmt"/>
          <line num="16" count="3" type="stmt"/>
          <line num="20" count="0" type="stmt"/>
          <line num="21" count="0" type="stmt"/>
        </file>
        <file name="Message.jsx" path="/Users/andeladeveloper/Desktop/post-it-app/client/src/js/components/Dashboard/Message.jsx">
          <metrics statements="15" coveredstatements="7" conditionals="2" coveredconditionals="0" methods="8" coveredmethods="3"/>
          <line num="16" count="3" type="stmt"/>
          <line num="17" count="3" type="stmt"/>
          <line num="21" count="3" type="stmt"/>
          <line num="22" count="3" type="stmt"/>
          <line num="23" count="3" type="stmt"/>
          <line num="38" count="0" type="stmt"/>
          <line num="40" count="0" type="stmt"/>
          <line num="44" count="0" type="stmt"/>
          <line num="45" count="0" type="stmt"/>
          <line num="49" count="0" type="stmt"/>
          <line num="63" count="3" type="stmt"/>
          <line num="74" count="0" type="stmt"/>
          <line num="85" count="0" type="stmt"/>
          <line num="96" count="3" type="stmt"/>
          <line num="120" count="0" type="stmt"/>
        </file>
        <file name="SeenUsers.jsx" path="/Users/andeladeveloper/Desktop/post-it-app/client/src/js/components/Dashboard/SeenUsers.jsx">
          <metrics statements="1" coveredstatements="1" conditionals="0" coveredconditionals="0" methods="1" coveredmethods="1"/>
          <line num="13" count="1" type="stmt"/>
        </file>
        <file name="SideBar.jsx" path="/Users/andeladeveloper/Desktop/post-it-app/client/src/js/components/Dashboard/SideBar.jsx">
          <metrics statements="6" coveredstatements="2" conditionals="0" coveredconditionals="0" methods="4" coveredmethods="1"/>
          <line num="21" count="5" type="stmt"/>
          <line num="22" count="5" type="stmt"/>
          <line num="24" count="0" type="stmt"/>
          <line num="29" count="0" type="stmt"/>
          <line num="37" count="0" type="stmt"/>
          <line num="52" count="0" type="stmt"/>
        </file>
        <file name="Users.jsx" path="/Users/andeladeveloper/Desktop/post-it-app/client/src/js/components/Dashboard/Users.jsx">
          <metrics statements="1" coveredstatements="1" conditionals="0" coveredconditionals="0" methods="1" coveredmethods="1"/>
          <line num="15" count="1" type="stmt"/>
        </file>
        <file name="WelcomeBoard.jsx" path="/Users/andeladeveloper/Desktop/post-it-app/client/src/js/components/Dashboard/WelcomeBoard.jsx">
          <metrics statements="2" coveredstatements="2" conditionals="0" coveredconditionals="0" methods="1" coveredmethods="1"/>
          <line num="19" count="1" type="stmt"/>
          <line num="20" count="1" type="stmt"/>
        </file>
      </package>
      <package name="constants">
        <metrics statements="1" coveredstatements="1" conditionals="0" coveredconditionals="0" methods="0" coveredmethods="0"/>
        <file name="AppConstants.js" path="/Users/andeladeveloper/Desktop/post-it-app/client/src/js/constants/AppConstants.js">
          <metrics statements="1" coveredstatements="1" conditionals="0" coveredconditionals="0" methods="0" coveredmethods="0"/>
          <line num="1" count="24" type="stmt"/>
        </file>
      </package>
      <package name="dispatcher">
        <metrics statements="4" coveredstatements="4" conditionals="0" coveredconditionals="0" methods="0" coveredmethods="0"/>
        <file name="AppDispatcher.js" path="/Users/andeladeveloper/Desktop/post-it-app/client/src/js/dispatcher/AppDispatcher.js">
          <metrics statements="4" coveredstatements="4" conditionals="0" coveredconditionals="0" methods="0" coveredmethods="0"/>
          <line num="4" count="24" type="stmt"/>
          <line num="6" count="26" type="stmt"/>
          <line num="10" count="26" type="stmt"/>
          <line num="15" count="24" type="stmt"/>
        </file>
      </package>
      <package name="helpers">
        <metrics statements="4" coveredstatements="4" conditionals="0" coveredconditionals="0" methods="1" coveredmethods="1"/>
        <file name="validate.helper.js" path="/Users/andeladeveloper/Desktop/post-it-app/client/src/js/helpers/validate.helper.js">
          <metrics statements="4" coveredstatements="4" conditionals="0" coveredconditionals="0" methods="1" coveredmethods="1"/>
          <line num="1" count="5" type="stmt"/>
          <line num="2" count="2" type="stmt"/>
          <line num="3" count="2" type="stmt"/>
          <line num="6" count="5" type="stmt"/>
        </file>
      </package>
      <package name="stores">
        <metrics statements="154" coveredstatements="63" conditionals="23" coveredconditionals="1" methods="2" coveredmethods="1"/>
        <file name="AppStore.js" path="/Users/andeladeveloper/Desktop/post-it-app/client/src/js/stores/AppStore.js">
          <metrics statements="154" coveredstatements="63" conditionals="23" coveredconditionals="1" methods="2" coveredmethods="1"/>
          <line num="8" count="14" type="stmt"/>
          <line num="10" count="14" type="stmt"/>
          <line num="11" count="14" type="stmt"/>
          <line num="12" count="14" type="stmt"/>
          <line num="13" count="14" type="stmt"/>
          <line num="14" count="14" type="stmt"/>
          <line num="15" count="14" type="stmt"/>
          <line num="16" count="14" type="stmt"/>
          <line num="17" count="14" type="stmt"/>
          <line num="18" count="14" type="stmt"/>
          <line num="19" count="14" type="stmt"/>
          <line num="20" count="14" type="stmt"/>
          <line num="21" count="14" type="stmt"/>
          <line num="22" count="14" type="stmt"/>
          <line num="23" count="14" type="stmt"/>
          <line num="24" count="14" type="stmt"/>
          <line num="25" count="14" type="stmt"/>
          <line num="26" count="14" type="stmt"/>
          <line num="27" count="14" type="stmt"/>
          <line num="28" count="14" type="stmt"/>
          <line num="30" count="14" type="stmt"/>
          <line num="33" count="8" type="stmt"/>
          <line num="37" count="1" type="stmt"/>
          <line num="40" count="1" type="stmt"/>
          <line num="44" count="7" type="stmt"/>
          <line num="48" count="6" type="stmt"/>
          <line num="52" count="14" type="stmt"/>
          <line num="56" count="1" type="stmt"/>
          <line num="57" count="1" type="stmt"/>
          <line num="61" count="0" type="stmt"/>
          <line num="65" count="4" type="stmt"/>
          <line num="68" count="1" type="stmt"/>
          <line num="72" count="0" type="stmt"/>
          <line num="76" count="6" type="stmt"/>
          <line num="80" count="1" type="stmt"/>
          <line num="84" count="9" type="stmt"/>
          <line num="88" count="1" type="stmt"/>
          <line num="92" count="5" type="stmt"/>
          <line num="96" count="1" type="stmt"/>
          <line num="100" count="11" type="stmt"/>
          <line num="104" count="1" type="stmt"/>
          <line num="105" count="1" type="stmt"/>
          <line num="109" count="9" type="stmt"/>
          <line num="113" count="1" type="stmt"/>
          <line num="117" count="1" type="stmt"/>
          <line num="121" count="7" type="stmt"/>
          <line num="125" count="1" type="stmt"/>
          <line num="129" count="3" type="stmt"/>
          <line num="133" count="1" type="stmt"/>
          <line num="137" count="1" type="stmt"/>
          <line num="141" count="3" type="stmt"/>
          <line num="145" count="0" type="stmt"/>
          <line num="149" count="0" type="stmt"/>
          <line num="153" count="0" type="stmt"/>
          <line num="157" count="4" type="stmt"/>
          <line num="161" count="1" type="stmt"/>
          <line num="165" count="1" type="stmt"/>
          <line num="169" count="3" type="stmt"/>
          <line num="173" count="1" type="stmt"/>
          <line num="177" count="0" type="stmt"/>
          <line num="181" count="0" type="stmt"/>
          <line num="185" count="0" type="stmt"/>
          <line num="189" count="0" type="stmt"/>
          <line num="190" count="0" type="stmt"/>
          <line num="194" count="0" type="stmt"/>
          <line num="198" count="0" type="stmt"/>
          <line num="202" count="0" type="stmt"/>
          <line num="206" count="3" type="stmt"/>
          <line num="210" count="1" type="stmt"/>
          <line num="214" count="0" type="stmt"/>
          <line num="218" count="17" type="stmt"/>
          <line num="222" count="5" type="stmt"/>
          <line num="227" count="14" type="stmt"/>
          <line num="228" count="24" type="stmt"/>
          <line num="230" count="24" type="cond" truecount="1" falsecount="22"/>
          <line num="232" count="0" type="stmt"/>
          <line num="233" count="0" type="stmt"/>
          <line num="234" count="0" type="stmt"/>
          <line num="235" count="0" type="stmt"/>
          <line num="238" count="0" type="stmt"/>
          <line num="239" count="0" type="stmt"/>
          <line num="240" count="0" type="stmt"/>
          <line num="243" count="0" type="stmt"/>
          <line num="244" count="0" type="stmt"/>
          <line num="245" count="0" type="stmt"/>
          <line num="248" count="0" type="stmt"/>
          <line num="249" count="0" type="stmt"/>
          <line num="250" count="0" type="stmt"/>
          <line num="254" count="0" type="stmt"/>
          <line num="255" count="0" type="stmt"/>
          <line num="256" count="0" type="stmt"/>
          <line num="257" count="0" type="stmt"/>
          <line num="260" count="0" type="stmt"/>
          <line num="261" count="0" type="stmt"/>
          <line num="262" count="0" type="stmt"/>
          <line num="265" count="0" type="stmt"/>
          <line num="266" count="0" type="stmt"/>
          <line num="267" count="0" type="stmt"/>
          <line num="270" count="0" type="stmt"/>
          <line num="271" count="0" type="stmt"/>
          <line num="272" count="0" type="stmt"/>
          <line num="275" count="0" type="stmt"/>
          <line num="276" count="0" type="stmt"/>
          <line num="277" count="0" type="stmt"/>
          <line num="278" count="0" type="stmt"/>
          <line num="281" count="0" type="stmt"/>
          <line num="282" count="0" type="stmt"/>
          <line num="283" count="0" type="stmt"/>
          <line num="284" count="0" type="stmt"/>
          <line num="287" count="0" type="stmt"/>
          <line num="288" count="0" type="stmt"/>
          <line num="289" count="0" type="stmt"/>
          <line num="292" count="0" type="stmt"/>
          <line num="293" count="0" type="stmt"/>
          <line num="294" count="0" type="stmt"/>
          <line num="297" count="0" type="stmt"/>
          <line num="298" count="0" type="stmt"/>
          <line num="299" count="0" type="stmt"/>
          <line num="302" count="0" type="stmt"/>
          <line num="303" count="0" type="stmt"/>
          <line num="304" count="0" type="stmt"/>
          <line num="307" count="0" type="stmt"/>
          <line num="308" count="0" type="stmt"/>
          <line num="309" count="0" type="stmt"/>
          <line num="310" count="0" type="stmt"/>
          <line num="313" count="0" type="stmt"/>
          <line num="314" count="0" type="stmt"/>
          <line num="315" count="0" type="stmt"/>
          <line num="316" count="0" type="stmt"/>
          <line num="317" count="0" type="stmt"/>
          <line num="318" count="0" type="stmt"/>
          <line num="319" count="0" type="stmt"/>
          <line num="320" count="0" type="stmt"/>
          <line num="323" count="0" type="stmt"/>
          <line num="324" count="0" type="stmt"/>
          <line num="325" count="0" type="stmt"/>
          <line num="328" count="0" type="stmt"/>
          <line num="329" count="0" type="stmt"/>
          <line num="330" count="0" type="stmt"/>
          <line num="333" count="0" type="stmt"/>
          <line num="334" count="0" type="stmt"/>
          <line num="335" count="0" type="stmt"/>
          <line num="336" count="0" type="stmt"/>
          <line num="339" count="0" type="stmt"/>
          <line num="340" count="0" type="stmt"/>
          <line num="341" count="0" type="stmt"/>
          <line num="343" count="0" type="stmt"/>
          <line num="344" count="0" type="stmt"/>
          <line num="345" count="0" type="stmt"/>
          <line num="348" count="0" type="stmt"/>
          <line num="349" count="0" type="stmt"/>
          <line num="350" count="0" type="stmt"/>
          <line num="356" count="24" type="stmt"/>
          <line num="359" count="14" type="stmt"/>
        </file>
      </package>
      <package name="tests.mocks">
        <metrics statements="2" coveredstatements="2" conditionals="0" coveredconditionals="0" methods="0" coveredmethods="0"/>
        <file name="SaveContact.js" path="/Users/andeladeveloper/Desktop/post-it-app/client/src/js/tests/mocks/SaveContact.js">
          <metrics statements="1" coveredstatements="1" conditionals="0" coveredconditionals="0" methods="0" coveredmethods="0"/>
          <line num="4" count="1" type="stmt"/>
        </file>
        <file name="StoreMock.js" path="/Users/andeladeveloper/Desktop/post-it-app/client/src/js/tests/mocks/StoreMock.js">
          <metrics statements="1" coveredstatements="1" conditionals="0" coveredconditionals="0" methods="0" coveredmethods="0"/>
          <line num="3" count="1" type="stmt"/>
        </file>
      </package>
      <package name="utils">
        <metrics statements="73" coveredstatements="29" conditionals="8" coveredconditionals="0" methods="30" coveredmethods="12"/>
        <file name="appAPI.js" path="/Users/andeladeveloper/Desktop/post-it-app/client/src/js/utils/appAPI.js">
          <metrics statements="73" coveredstatements="29" conditionals="8" coveredconditionals="0" methods="30" coveredmethods="12"/>
          <line num="5" count="14" type="stmt"/>
          <line num="7" count="1" type="stmt"/>
          <line num="13" count="0" type="stmt"/>
          <line num="14" count="0" type="cond" truecount="0" falsecount="2"/>
          <line num="16" count="0" type="stmt"/>
          <line num="17" count="0" type="cond" truecount="0" falsecount="2"/>
          <line num="19" count="0" type="stmt"/>
          <line num="21" count="0" type="stmt"/>
          <line num="22" count="0" type="stmt"/>
          <line num="25" count="1" type="stmt"/>
          <line num="30" count="1" type="stmt"/>
          <line num="32" count="0" type="stmt"/>
          <line num="35" count="1" type="stmt"/>
          <line num="40" count="0" type="stmt"/>
          <line num="42" count="0" type="stmt"/>
          <line num="45" count="0" type="stmt"/>
          <line num="50" count="0" type="stmt"/>
          <line num="52" count="0" type="stmt"/>
          <line num="55" count="0" type="stmt"/>
          <line num="60" count="1" type="stmt"/>
          <line num="64" count="0" type="stmt"/>
          <line num="66" count="1" type="stmt"/>
          <line num="71" count="1" type="stmt"/>
          <line num="73" count="0" type="stmt"/>
          <line num="74" count="0" type="stmt"/>
          <line num="76" count="1" type="stmt"/>
          <line num="81" count="1" type="stmt"/>
          <line num="83" count="0" type="stmt"/>
          <line num="84" count="0" type="stmt"/>
          <line num="87" count="1" type="stmt"/>
          <line num="92" count="1" type="stmt"/>
          <line num="97" count="0" type="stmt"/>
          <line num="99" count="1" type="stmt"/>
          <line num="104" count="1" type="stmt"/>
          <line num="112" count="0" type="stmt"/>
          <line num="114" count="1" type="stmt"/>
          <line num="119" count="1" type="stmt"/>
          <line num="120" count="1" type="stmt"/>
          <line num="121" count="1" type="stmt"/>
          <line num="123" count="0" type="stmt"/>
          <line num="126" count="1" type="stmt"/>
          <line num="131" count="1" type="stmt"/>
          <line num="135" count="0" type="stmt"/>
          <line num="136" count="0" type="cond" truecount="0" falsecount="2"/>
          <line num="137" count="0" type="stmt"/>
          <line num="138" count="0" type="cond" truecount="0" falsecount="2"/>
          <line num="140" count="0" type="stmt"/>
          <line num="142" count="0" type="stmt"/>
          <line num="143" count="0" type="stmt"/>
          <line num="146" count="1" type="stmt"/>
          <line num="151" count="1" type="stmt"/>
          <line num="152" count="0" type="stmt"/>
          <line num="154" count="1" type="stmt"/>
          <line num="159" count="1" type="stmt"/>
          <line num="160" count="1" type="stmt"/>
          <line num="161" count="1" type="stmt"/>
          <line num="163" count="0" type="stmt"/>
          <line num="164" count="0" type="stmt"/>
          <line num="165" count="0" type="stmt"/>
          <line num="166" count="0" type="stmt"/>
          <line num="169" count="1" type="stmt"/>
          <line num="174" count="0" type="stmt"/>
          <line num="175" count="0" type="stmt"/>
          <line num="176" count="0" type="stmt"/>
          <line num="177" count="0" type="stmt"/>
          <line num="179" count="0" type="stmt"/>
          <line num="185" count="0" type="stmt"/>
          <line num="186" count="0" type="stmt"/>
          <line num="187" count="0" type="stmt"/>
          <line num="189" count="0" type="stmt"/>
          <line num="194" count="1" type="stmt"/>
          <line num="196" count="0" type="stmt"/>
          <line num="198" count="1" type="stmt"/>
        </file>
      </package>
    </metrics>
  </project>
</coverage>
