{"/Users/andeladeveloper/Desktop/post-it-app/client/src/js/actions/AppActions.js": {"path":"/Users/andeladeveloper/Desktop/post-it-app/client/src/js/actions/AppActions.js","statementMap":{"0":{"start":{"line":5,"column":19},"end":{"line":180,"column":1}},"1":{"start":{"line":7,"column":4},"end":{"line":10,"column":7}},"2":{"start":{"line":14,"column":4},"end":{"line":17,"column":7}},"3":{"start":{"line":21,"column":4},"end":{"line":24,"column":7}},"4":{"start":{"line":28,"column":4},"end":{"line":31,"column":7}},"5":{"start":{"line":35,"column":4},"end":{"line":38,"column":7}},"6":{"start":{"line":42,"column":4},"end":{"line":45,"column":7}},"7":{"start":{"line":49,"column":4},"end":{"line":52,"column":7}},"8":{"start":{"line":56,"column":4},"end":{"line":59,"column":7}},"9":{"start":{"line":63,"column":4},"end":{"line":66,"column":7}},"10":{"start":{"line":70,"column":4},"end":{"line":73,"column":7}},"11":{"start":{"line":77,"column":4},"end":{"line":80,"column":7}},"12":{"start":{"line":84,"column":4},"end":{"line":87,"column":7}},"13":{"start":{"line":91,"column":4},"end":{"line":94,"column":7}},"14":{"start":{"line":98,"column":4},"end":{"line":101,"column":7}},"15":{"start":{"line":105,"column":4},"end":{"line":108,"column":7}},"16":{"start":{"line":112,"column":4},"end":{"line":115,"column":7}},"17":{"start":{"line":119,"column":4},"end":{"line":122,"column":7}},"18":{"start":{"line":126,"column":4},"end":{"line":129,"column":7}},"19":{"start":{"line":133,"column":4},"end":{"line":135,"column":7}},"20":{"start":{"line":139,"column":4},"end":{"line":142,"column":7}},"21":{"start":{"line":146,"column":4},"end":{"line":149,"column":7}},"22":{"start":{"line":153,"column":4},"end":{"line":156,"column":7}},"23":{"start":{"line":160,"column":4},"end":{"line":163,"column":7}},"24":{"start":{"line":167,"column":4},"end":{"line":170,"column":7}},"25":{"start":{"line":174,"column":4},"end":{"line":177,"column":7}},"26":{"start":{"line":181,"column":0},"end":{"line":181,"column":28}}},"fnMap":{},"branchMap":{},"s":{"0":17,"1":1,"2":1,"3":1,"4":1,"5":1,"6":1,"7":1,"8":1,"9":1,"10":1,"11":1,"12":1,"13":1,"14":1,"15":2,"16":1,"17":1,"18":1,"19":1,"20":1,"21":1,"22":1,"23":1,"24":1,"25":1,"26":17},"f":{},"b":{},"_coverageSchema":"332fd63041d2c1bcb487cc26dd0d5f7d97098a6c","hash":"4e38327e37d9ffcfc247b37e0c09bf1dbf229d15"}
,"/Users/andeladeveloper/Desktop/post-it-app/client/src/js/components/App.jsx": {"path":"/Users/andeladeveloper/Desktop/post-it-app/client/src/js/components/App.jsx","statementMap":{"0":{"start":{"line":26,"column":8},"end":{"line":26,"column":21}},"1":{"start":{"line":27,"column":8},"end":{"line":33,"column":10}},"2":{"start":{"line":34,"column":8},"end":{"line":34,"column":48}},"3":{"start":{"line":47,"column":8},"end":{"line":47,"column":50}},"4":{"start":{"line":58,"column":8},"end":{"line":58,"column":53}},"5":{"start":{"line":69,"column":8},"end":{"line":69,"column":52}},"6":{"start":{"line":70,"column":8},"end":{"line":70,"column":62}},"7":{"start":{"line":71,"column":8},"end":{"line":71,"column":68}},"8":{"start":{"line":72,"column":8},"end":{"line":72,"column":56}},"9":{"start":{"line":83,"column":8},"end":{"line":85,"column":9}},"10":{"start":{"line":84,"column":12},"end":{"line":84,"column":85}},"11":{"start":{"line":88,"column":8},"end":{"line":100,"column":9}},"12":{"start":{"line":89,"column":12},"end":{"line":97,"column":18}},"13":{"start":{"line":99,"column":12},"end":{"line":99,"column":45}},"14":{"start":{"line":101,"column":8},"end":{"line":105,"column":10}}},"fnMap":{"0":{"name":"(anonymous_0)","decl":{"start":{"line":25,"column":4},"end":{"line":25,"column":5}},"loc":{"start":{"line":25,"column":23},"end":{"line":35,"column":5}},"line":25},"1":{"name":"(anonymous_1)","decl":{"start":{"line":46,"column":4},"end":{"line":46,"column":5}},"loc":{"start":{"line":46,"column":24},"end":{"line":48,"column":5}},"line":46},"2":{"name":"(anonymous_2)","decl":{"start":{"line":57,"column":4},"end":{"line":57,"column":5}},"loc":{"start":{"line":57,"column":23},"end":{"line":59,"column":5}},"line":57},"3":{"name":"(anonymous_3)","decl":{"start":{"line":68,"column":4},"end":{"line":68,"column":5}},"loc":{"start":{"line":68,"column":15},"end":{"line":73,"column":5}},"line":68},"4":{"name":"(anonymous_4)","decl":{"start":{"line":82,"column":4},"end":{"line":82,"column":5}},"loc":{"start":{"line":82,"column":13},"end":{"line":106,"column":5}},"line":82}},"branchMap":{"0":{"loc":{"start":{"line":83,"column":8},"end":{"line":85,"column":9}},"type":"if","locations":[{"start":{"line":83,"column":8},"end":{"line":85,"column":9}},{"start":{"line":83,"column":8},"end":{"line":85,"column":9}}],"line":83},"1":{"loc":{"start":{"line":88,"column":8},"end":{"line":100,"column":9}},"type":"if","locations":[{"start":{"line":88,"column":8},"end":{"line":100,"column":9}},{"start":{"line":88,"column":8},"end":{"line":100,"column":9}}],"line":88}},"s":{"0":6,"1":6,"2":6,"3":1,"4":1,"5":0,"6":0,"7":0,"8":0,"9":6,"10":0,"11":6,"12":6,"13":0,"14":6},"f":{"0":6,"1":1,"2":1,"3":0,"4":6},"b":{"0":[0,6],"1":[6,0]},"_coverageSchema":"332fd63041d2c1bcb487cc26dd0d5f7d97098a6c","hash":"9de8f96ab0c0b78e96618a55c31d9b8643f7ce95"}
,"/Users/andeladeveloper/Desktop/post-it-app/client/src/js/components/Footer.jsx": {"path":"/Users/andeladeveloper/Desktop/post-it-app/client/src/js/components/Footer.jsx","statementMap":{"0":{"start":{"line":13,"column":4},"end":{"line":26,"column":5}}},"fnMap":{"0":{"name":"(anonymous_0)","decl":{"start":{"line":12,"column":2},"end":{"line":12,"column":3}},"loc":{"start":{"line":12,"column":11},"end":{"line":27,"column":3}},"line":12}},"branchMap":{},"s":{"0":1},"f":{"0":1},"b":{},"_coverageSchema":"332fd63041d2c1bcb487cc26dd0d5f7d97098a6c","hash":"b996a9ac284a0a5ff3cfaf6c5bbea024d689b405"}
,"/Users/andeladeveloper/Desktop/post-it-app/client/src/js/components/GoogleWelcome.jsx": {"path":"/Users/andeladeveloper/Desktop/post-it-app/client/src/js/components/GoogleWelcome.jsx","statementMap":{"0":{"start":{"line":18,"column":8},"end":{"line":18,"column":21}},"1":{"start":{"line":19,"column":8},"end":{"line":23,"column":10}},"2":{"start":{"line":24,"column":8},"end":{"line":24,"column":48}},"3":{"start":{"line":25,"column":8},"end":{"line":25,"column":56}},"4":{"start":{"line":38,"column":8},"end":{"line":38,"column":50}},"5":{"start":{"line":49,"column":8},"end":{"line":49,"column":53}},"6":{"start":{"line":63,"column":8},"end":{"line":63,"column":30}},"7":{"start":{"line":66,"column":12},"end":{"line":66,"column":68}},"8":{"start":{"line":68,"column":36},"end":{"line":68,"column":83}},"9":{"start":{"line":70,"column":24},"end":{"line":76,"column":9}},"10":{"start":{"line":77,"column":8},"end":{"line":81,"column":9}},"11":{"start":{"line":78,"column":12},"end":{"line":78,"column":58}},"12":{"start":{"line":80,"column":12},"end":{"line":80,"column":45}},"13":{"start":{"line":92,"column":8},"end":{"line":96,"column":11}},"14":{"start":{"line":109,"column":22},"end":{"line":109,"column":51}},"15":{"start":{"line":110,"column":20},"end":{"line":110,"column":47}},"16":{"start":{"line":111,"column":28},"end":{"line":111,"column":63}},"17":{"start":{"line":112,"column":25},"end":{"line":112,"column":57}},"18":{"start":{"line":113,"column":8},"end":{"line":143,"column":9}}},"fnMap":{"0":{"name":"(anonymous_0)","decl":{"start":{"line":17,"column":4},"end":{"line":17,"column":5}},"loc":{"start":{"line":17,"column":23},"end":{"line":26,"column":5}},"line":17},"1":{"name":"(anonymous_1)","decl":{"start":{"line":37,"column":4},"end":{"line":37,"column":5}},"loc":{"start":{"line":37,"column":24},"end":{"line":39,"column":5}},"line":37},"2":{"name":"(anonymous_2)","decl":{"start":{"line":48,"column":4},"end":{"line":48,"column":5}},"loc":{"start":{"line":48,"column":23},"end":{"line":50,"column":5}},"line":48},"3":{"name":"(anonymous_3)","decl":{"start":{"line":62,"column":4},"end":{"line":62,"column":5}},"loc":{"start":{"line":62,"column":24},"end":{"line":82,"column":5}},"line":62},"4":{"name":"capitalizeFirstLetter","decl":{"start":{"line":65,"column":17},"end":{"line":65,"column":38}},"loc":{"start":{"line":65,"column":47},"end":{"line":67,"column":9}},"line":65},"5":{"name":"(anonymous_5)","decl":{"start":{"line":91,"column":4},"end":{"line":91,"column":5}},"loc":{"start":{"line":91,"column":15},"end":{"line":97,"column":5}},"line":91},"6":{"name":"(anonymous_6)","decl":{"start":{"line":108,"column":4},"end":{"line":108,"column":5}},"loc":{"start":{"line":108,"column":13},"end":{"line":144,"column":5}},"line":108}},"branchMap":{"0":{"loc":{"start":{"line":77,"column":8},"end":{"line":81,"column":9}},"type":"if","locations":[{"start":{"line":77,"column":8},"end":{"line":81,"column":9}},{"start":{"line":77,"column":8},"end":{"line":81,"column":9}}],"line":77}},"s":{"0":3,"1":3,"2":3,"3":3,"4":0,"5":0,"6":0,"7":0,"8":0,"9":0,"10":0,"11":0,"12":0,"13":0,"14":3,"15":0,"16":0,"17":0,"18":0},"f":{"0":3,"1":0,"2":0,"3":0,"4":0,"5":0,"6":3},"b":{"0":[0,0]},"_coverageSchema":"332fd63041d2c1bcb487cc26dd0d5f7d97098a6c","hash":"357aba7c3c0db7f4d50682be05b228a758ac66cb"}
,"/Users/andeladeveloper/Desktop/post-it-app/client/src/js/components/Home.jsx": {"path":"/Users/andeladeveloper/Desktop/post-it-app/client/src/js/components/Home.jsx","statementMap":{"0":{"start":{"line":16,"column":4},"end":{"line":16,"column":17}},"1":{"start":{"line":17,"column":4},"end":{"line":19,"column":6}},"2":{"start":{"line":20,"column":4},"end":{"line":22,"column":17}},"3":{"start":{"line":35,"column":4},"end":{"line":35,"column":46}},"4":{"start":{"line":46,"column":4},"end":{"line":46,"column":49}},"5":{"start":{"line":57,"column":6},"end":{"line":59,"column":9}},"6":{"start":{"line":63,"column":4},"end":{"line":81,"column":5}}},"fnMap":{"0":{"name":"(anonymous_0)","decl":{"start":{"line":15,"column":2},"end":{"line":15,"column":3}},"loc":{"start":{"line":15,"column":21},"end":{"line":23,"column":3}},"line":15},"1":{"name":"(anonymous_1)","decl":{"start":{"line":34,"column":2},"end":{"line":34,"column":3}},"loc":{"start":{"line":34,"column":22},"end":{"line":36,"column":3}},"line":34},"2":{"name":"(anonymous_2)","decl":{"start":{"line":45,"column":2},"end":{"line":45,"column":3}},"loc":{"start":{"line":45,"column":21},"end":{"line":47,"column":3}},"line":45},"3":{"name":"(anonymous_3)","decl":{"start":{"line":56,"column":4},"end":{"line":56,"column":5}},"loc":{"start":{"line":56,"column":15},"end":{"line":60,"column":5}},"line":56},"4":{"name":"(anonymous_4)","decl":{"start":{"line":62,"column":2},"end":{"line":62,"column":3}},"loc":{"start":{"line":62,"column":11},"end":{"line":82,"column":3}},"line":62}},"branchMap":{},"s":{"0":1,"1":1,"2":1,"3":1,"4":0,"5":0,"6":1},"f":{"0":1,"1":1,"2":0,"3":0,"4":1},"b":{},"_coverageSchema":"332fd63041d2c1bcb487cc26dd0d5f7d97098a6c","hash":"d298eab8298981869177468c5fd91a51fb983360"}
,"/Users/andeladeveloper/Desktop/post-it-app/client/src/js/components/Navigation.jsx": {"path":"/Users/andeladeveloper/Desktop/post-it-app/client/src/js/components/Navigation.jsx","statementMap":{"0":{"start":{"line":21,"column":4},"end":{"line":38,"column":5}}},"fnMap":{"0":{"name":"(anonymous_0)","decl":{"start":{"line":20,"column":2},"end":{"line":20,"column":3}},"loc":{"start":{"line":20,"column":11},"end":{"line":39,"column":3}},"line":20}},"branchMap":{},"s":{"0":3},"f":{"0":3},"b":{},"_coverageSchema":"332fd63041d2c1bcb487cc26dd0d5f7d97098a6c","hash":"6cd4541595ea8ab2150f5eb8f1ff96191e00def5"}
,"/Users/andeladeveloper/Desktop/post-it-app/client/src/js/components/ResetPassword.jsx": {"path":"/Users/andeladeveloper/Desktop/post-it-app/client/src/js/components/ResetPassword.jsx","statementMap":{"0":{"start":{"line":14,"column":4},"end":{"line":46,"column":5}},"1":{"start":{"line":57,"column":4},"end":{"line":57,"column":27}},"2":{"start":{"line":58,"column":18},"end":{"line":62,"column":13}},"3":{"start":{"line":63,"column":4},"end":{"line":63,"column":36}},"4":{"start":{"line":64,"column":4},"end":{"line":64,"column":31}}},"fnMap":{"0":{"name":"(anonymous_0)","decl":{"start":{"line":13,"column":2},"end":{"line":13,"column":3}},"loc":{"start":{"line":13,"column":11},"end":{"line":47,"column":3}},"line":13},"1":{"name":"(anonymous_1)","decl":{"start":{"line":56,"column":2},"end":{"line":56,"column":3}},"loc":{"start":{"line":56,"column":22},"end":{"line":65,"column":3}},"line":56}},"branchMap":{},"s":{"0":3,"1":1,"2":1,"3":1,"4":1},"f":{"0":3,"1":1},"b":{},"_coverageSchema":"332fd63041d2c1bcb487cc26dd0d5f7d97098a6c","hash":"39021c1401069bba15c704e5db38206acb05e85b"}
,"/Users/andeladeveloper/Desktop/post-it-app/client/src/js/components/Routes.jsx": {"path":"/Users/andeladeveloper/Desktop/post-it-app/client/src/js/components/Routes.jsx","statementMap":{"0":{"start":{"line":25,"column":2},"end":{"line":32,"column":3}},"1":{"start":{"line":28,"column":25},"end":{"line":30,"column":78}},"2":{"start":{"line":44,"column":2},"end":{"line":51,"column":3}},"3":{"start":{"line":47,"column":25},"end":{"line":49,"column":38}},"4":{"start":{"line":65,"column":4},"end":{"line":87,"column":5}},"5":{"start":{"line":82,"column":33},"end":{"line":82,"column":50}}},"fnMap":{"0":{"name":"PrivateRoute","decl":{"start":{"line":24,"column":9},"end":{"line":24,"column":21}},"loc":{"start":{"line":24,"column":74},"end":{"line":33,"column":1}},"line":24},"1":{"name":"(anonymous_1)","decl":{"start":{"line":28,"column":14},"end":{"line":28,"column":15}},"loc":{"start":{"line":28,"column":25},"end":{"line":30,"column":78}},"line":28},"2":{"name":"PublicRoute","decl":{"start":{"line":43,"column":9},"end":{"line":43,"column":20}},"loc":{"start":{"line":43,"column":73},"end":{"line":52,"column":1}},"line":43},"3":{"name":"(anonymous_3)","decl":{"start":{"line":47,"column":14},"end":{"line":47,"column":15}},"loc":{"start":{"line":47,"column":25},"end":{"line":49,"column":38}},"line":47},"4":{"name":"(anonymous_4)","decl":{"start":{"line":64,"column":2},"end":{"line":64,"column":3}},"loc":{"start":{"line":64,"column":11},"end":{"line":88,"column":3}},"line":64},"5":{"name":"(anonymous_5)","decl":{"start":{"line":82,"column":27},"end":{"line":82,"column":28}},"loc":{"start":{"line":82,"column":33},"end":{"line":82,"column":50}},"line":82}},"branchMap":{"0":{"loc":{"start":{"line":28,"column":25},"end":{"line":30,"column":78}},"type":"cond-expr","locations":[{"start":{"line":29,"column":10},"end":{"line":29,"column":34}},{"start":{"line":30,"column":10},"end":{"line":30,"column":78}}],"line":28},"1":{"loc":{"start":{"line":47,"column":25},"end":{"line":49,"column":38}},"type":"cond-expr","locations":[{"start":{"line":48,"column":10},"end":{"line":48,"column":34}},{"start":{"line":49,"column":10},"end":{"line":49,"column":38}}],"line":47}},"s":{"0":0,"1":0,"2":0,"3":0,"4":2,"5":0},"f":{"0":0,"1":0,"2":0,"3":0,"4":2,"5":0},"b":{"0":[0,0],"1":[0,0]},"_coverageSchema":"332fd63041d2c1bcb487cc26dd0d5f7d97098a6c","hash":"67bd55cbce33875d0b3e4b1dfed9b6e027ad8bd7"}
,"/Users/andeladeveloper/Desktop/post-it-app/client/src/js/components/Signin.jsx": {"path":"/Users/andeladeveloper/Desktop/post-it-app/client/src/js/components/Signin.jsx","statementMap":{"0":{"start":{"line":24,"column":4},"end":{"line":24,"column":17}},"1":{"start":{"line":25,"column":4},"end":{"line":29,"column":6}},"2":{"start":{"line":31,"column":4},"end":{"line":31,"column":53}},"3":{"start":{"line":32,"column":4},"end":{"line":32,"column":64}},"4":{"start":{"line":33,"column":4},"end":{"line":33,"column":44}},"5":{"start":{"line":46,"column":4},"end":{"line":46,"column":46}},"6":{"start":{"line":57,"column":4},"end":{"line":57,"column":49}},"7":{"start":{"line":70,"column":4},"end":{"line":70,"column":27}},"8":{"start":{"line":71,"column":20},"end":{"line":74,"column":5}},"9":{"start":{"line":77,"column":4},"end":{"line":83,"column":5}},"10":{"start":{"line":78,"column":6},"end":{"line":78,"column":32}},"11":{"start":{"line":79,"column":6},"end":{"line":79,"column":33}},"12":{"start":{"line":80,"column":6},"end":{"line":80,"column":36}},"13":{"start":{"line":82,"column":6},"end":{"line":82,"column":43}},"14":{"start":{"line":97,"column":4},"end":{"line":97,"column":27}},"15":{"start":{"line":99,"column":22},"end":{"line":103,"column":5}},"16":{"start":{"line":101,"column":6},"end":{"line":101,"column":35}},"17":{"start":{"line":102,"column":6},"end":{"line":102,"column":24}},"18":{"start":{"line":104,"column":4},"end":{"line":104,"column":33}},"19":{"start":{"line":105,"column":4},"end":{"line":105,"column":31}},"20":{"start":{"line":106,"column":4},"end":{"line":127,"column":9}},"21":{"start":{"line":108,"column":22},"end":{"line":108,"column":51}},"22":{"start":{"line":109,"column":41},"end":{"line":109,"column":52}},"23":{"start":{"line":110,"column":28},"end":{"line":110,"column":62}},"24":{"start":{"line":111,"column":8},"end":{"line":111,"column":66}},"25":{"start":{"line":112,"column":27},"end":{"line":117,"column":9}},"26":{"start":{"line":118,"column":8},"end":{"line":126,"column":9}},"27":{"start":{"line":119,"column":10},"end":{"line":119,"column":46}},"28":{"start":{"line":120,"column":10},"end":{"line":120,"column":45}},"29":{"start":{"line":122,"column":10},"end":{"line":122,"column":40}},"30":{"start":{"line":123,"column":10},"end":{"line":125,"column":12}},"31":{"start":{"line":138,"column":4},"end":{"line":141,"column":7}},"32":{"start":{"line":154,"column":4},"end":{"line":180,"column":5}},"33":{"start":{"line":155,"column":6},"end":{"line":175,"column":14}},"34":{"start":{"line":178,"column":6},"end":{"line":178,"column":34}},"35":{"start":{"line":181,"column":4},"end":{"line":188,"column":5}}},"fnMap":{"0":{"name":"(anonymous_0)","decl":{"start":{"line":23,"column":2},"end":{"line":23,"column":3}},"loc":{"start":{"line":23,"column":21},"end":{"line":34,"column":3}},"line":23},"1":{"name":"(anonymous_1)","decl":{"start":{"line":45,"column":2},"end":{"line":45,"column":3}},"loc":{"start":{"line":45,"column":22},"end":{"line":47,"column":3}},"line":45},"2":{"name":"(anonymous_2)","decl":{"start":{"line":56,"column":2},"end":{"line":56,"column":3}},"loc":{"start":{"line":56,"column":25},"end":{"line":58,"column":3}},"line":56},"3":{"name":"(anonymous_3)","decl":{"start":{"line":69,"column":2},"end":{"line":69,"column":3}},"loc":{"start":{"line":69,"column":22},"end":{"line":85,"column":3}},"line":69},"4":{"name":"(anonymous_4)","decl":{"start":{"line":96,"column":2},"end":{"line":96,"column":3}},"loc":{"start":{"line":96,"column":28},"end":{"line":128,"column":3}},"line":96},"5":{"name":"(anonymous_5)","decl":{"start":{"line":99,"column":22},"end":{"line":99,"column":23}},"loc":{"start":{"line":99,"column":36},"end":{"line":103,"column":5}},"line":99},"6":{"name":"(anonymous_6)","decl":{"start":{"line":107,"column":12},"end":{"line":107,"column":13}},"loc":{"start":{"line":107,"column":24},"end":{"line":127,"column":7}},"line":107},"7":{"name":"(anonymous_7)","decl":{"start":{"line":137,"column":2},"end":{"line":137,"column":3}},"loc":{"start":{"line":137,"column":13},"end":{"line":143,"column":3}},"line":137},"8":{"name":"(anonymous_8)","decl":{"start":{"line":152,"column":2},"end":{"line":152,"column":3}},"loc":{"start":{"line":152,"column":11},"end":{"line":189,"column":3}},"line":152}},"branchMap":{"0":{"loc":{"start":{"line":77,"column":4},"end":{"line":83,"column":5}},"type":"if","locations":[{"start":{"line":77,"column":4},"end":{"line":83,"column":5}},{"start":{"line":77,"column":4},"end":{"line":83,"column":5}}],"line":77},"1":{"loc":{"start":{"line":118,"column":8},"end":{"line":126,"column":9}},"type":"if","locations":[{"start":{"line":118,"column":8},"end":{"line":126,"column":9}},{"start":{"line":118,"column":8},"end":{"line":126,"column":9}}],"line":118},"2":{"loc":{"start":{"line":154,"column":4},"end":{"line":180,"column":5}},"type":"if","locations":[{"start":{"line":154,"column":4},"end":{"line":180,"column":5}},{"start":{"line":154,"column":4},"end":{"line":180,"column":5}}],"line":154}},"s":{"0":5,"1":5,"2":5,"3":5,"4":5,"5":5,"6":1,"7":1,"8":1,"9":1,"10":1,"11":1,"12":1,"13":0,"14":1,"15":1,"16":0,"17":0,"18":1,"19":1,"20":1,"21":1,"22":0,"23":0,"24":0,"25":0,"26":0,"27":0,"28":0,"29":0,"30":0,"31":0,"32":5,"33":5,"34":0,"35":5},"f":{"0":5,"1":5,"2":1,"3":1,"4":1,"5":0,"6":1,"7":0,"8":5},"b":{"0":[1,0],"1":[0,0],"2":[5,0]},"_coverageSchema":"332fd63041d2c1bcb487cc26dd0d5f7d97098a6c","hash":"bd6f5ac8fe740e2f0b24cc974fddbe0877eddd1d"}
,"/Users/andeladeveloper/Desktop/post-it-app/client/src/js/components/Signup.jsx": {"path":"/Users/andeladeveloper/Desktop/post-it-app/client/src/js/components/Signup.jsx","statementMap":{"0":{"start":{"line":22,"column":8},"end":{"line":22,"column":21}},"1":{"start":{"line":23,"column":8},"end":{"line":30,"column":10}},"2":{"start":{"line":31,"column":8},"end":{"line":31,"column":48}},"3":{"start":{"line":32,"column":8},"end":{"line":32,"column":56}},"4":{"start":{"line":46,"column":8},"end":{"line":46,"column":50}},"5":{"start":{"line":57,"column":8},"end":{"line":57,"column":53}},"6":{"start":{"line":69,"column":8},"end":{"line":74,"column":11}},"7":{"start":{"line":89,"column":8},"end":{"line":89,"column":31}},"8":{"start":{"line":99,"column":12},"end":{"line":99,"column":68}},"9":{"start":{"line":102,"column":36},"end":{"line":102,"column":83}},"10":{"start":{"line":104,"column":24},"end":{"line":109,"column":9}},"11":{"start":{"line":111,"column":8},"end":{"line":127,"column":9}},"12":{"start":{"line":112,"column":12},"end":{"line":112,"column":54}},"13":{"start":{"line":113,"column":15},"end":{"line":127,"column":9}},"14":{"start":{"line":114,"column":12},"end":{"line":114,"column":58}},"15":{"start":{"line":115,"column":15},"end":{"line":127,"column":9}},"16":{"start":{"line":116,"column":12},"end":{"line":116,"column":51}},"17":{"start":{"line":118,"column":15},"end":{"line":127,"column":9}},"18":{"start":{"line":119,"column":12},"end":{"line":119,"column":49}},"19":{"start":{"line":121,"column":12},"end":{"line":121,"column":44}},"20":{"start":{"line":122,"column":12},"end":{"line":122,"column":42}},"21":{"start":{"line":123,"column":12},"end":{"line":123,"column":39}},"22":{"start":{"line":124,"column":12},"end":{"line":124,"column":42}},"23":{"start":{"line":125,"column":12},"end":{"line":125,"column":40}},"24":{"start":{"line":126,"column":12},"end":{"line":126,"column":48}},"25":{"start":{"line":138,"column":8},"end":{"line":187,"column":9}}},"fnMap":{"0":{"name":"(anonymous_0)","decl":{"start":{"line":21,"column":4},"end":{"line":21,"column":5}},"loc":{"start":{"line":21,"column":23},"end":{"line":33,"column":5}},"line":21},"1":{"name":"(anonymous_1)","decl":{"start":{"line":45,"column":4},"end":{"line":45,"column":5}},"loc":{"start":{"line":45,"column":24},"end":{"line":47,"column":5}},"line":45},"2":{"name":"(anonymous_2)","decl":{"start":{"line":56,"column":4},"end":{"line":56,"column":5}},"loc":{"start":{"line":56,"column":27},"end":{"line":58,"column":5}},"line":56},"3":{"name":"(anonymous_3)","decl":{"start":{"line":68,"column":4},"end":{"line":68,"column":5}},"loc":{"start":{"line":68,"column":15},"end":{"line":76,"column":5}},"line":68},"4":{"name":"(anonymous_4)","decl":{"start":{"line":88,"column":4},"end":{"line":88,"column":5}},"loc":{"start":{"line":88,"column":24},"end":{"line":128,"column":5}},"line":88},"5":{"name":"capitalizeFirstLetter","decl":{"start":{"line":98,"column":17},"end":{"line":98,"column":38}},"loc":{"start":{"line":98,"column":47},"end":{"line":100,"column":9}},"line":98},"6":{"name":"(anonymous_6)","decl":{"start":{"line":137,"column":4},"end":{"line":137,"column":5}},"loc":{"start":{"line":137,"column":13},"end":{"line":188,"column":5}},"line":137}},"branchMap":{"0":{"loc":{"start":{"line":111,"column":8},"end":{"line":127,"column":9}},"type":"if","locations":[{"start":{"line":111,"column":8},"end":{"line":127,"column":9}},{"start":{"line":111,"column":8},"end":{"line":127,"column":9}}],"line":111},"1":{"loc":{"start":{"line":113,"column":15},"end":{"line":127,"column":9}},"type":"if","locations":[{"start":{"line":113,"column":15},"end":{"line":127,"column":9}},{"start":{"line":113,"column":15},"end":{"line":127,"column":9}}],"line":113},"2":{"loc":{"start":{"line":115,"column":15},"end":{"line":127,"column":9}},"type":"if","locations":[{"start":{"line":115,"column":15},"end":{"line":127,"column":9}},{"start":{"line":115,"column":15},"end":{"line":127,"column":9}}],"line":115},"3":{"loc":{"start":{"line":118,"column":15},"end":{"line":127,"column":9}},"type":"if","locations":[{"start":{"line":118,"column":15},"end":{"line":127,"column":9}},{"start":{"line":118,"column":15},"end":{"line":127,"column":9}}],"line":118}},"s":{"0":3,"1":3,"2":3,"3":3,"4":3,"5":1,"6":0,"7":1,"8":1,"9":1,"10":1,"11":1,"12":0,"13":1,"14":0,"15":1,"16":0,"17":1,"18":0,"19":1,"20":1,"21":1,"22":1,"23":1,"24":1,"25":3},"f":{"0":3,"1":3,"2":1,"3":0,"4":1,"5":1,"6":3},"b":{"0":[0,1],"1":[0,1],"2":[0,1],"3":[0,1]},"_coverageSchema":"332fd63041d2c1bcb487cc26dd0d5f7d97098a6c","hash":"478c6ba53d9e226cfb542e34af7fb71039762c4f"}
,"/Users/andeladeveloper/Desktop/post-it-app/client/src/js/components/Dashboard/Board.jsx": {"path":"/Users/andeladeveloper/Desktop/post-it-app/client/src/js/components/Dashboard/Board.jsx","statementMap":{"0":{"start":{"line":18,"column":8},"end":{"line":18,"column":21}},"1":{"start":{"line":19,"column":8},"end":{"line":23,"column":10}},"2":{"start":{"line":24,"column":8},"end":{"line":24,"column":48}},"3":{"start":{"line":25,"column":8},"end":{"line":25,"column":54}},"4":{"start":{"line":38,"column":8},"end":{"line":38,"column":50}},"5":{"start":{"line":50,"column":8},"end":{"line":50,"column":53}},"6":{"start":{"line":64,"column":8},"end":{"line":64,"column":31}},"7":{"start":{"line":65,"column":25},"end":{"line":65,"column":65}},"8":{"start":{"line":66,"column":24},"end":{"line":74,"column":9}},"9":{"start":{"line":76,"column":8},"end":{"line":79,"column":9}},"10":{"start":{"line":77,"column":12},"end":{"line":77,"column":44}},"11":{"start":{"line":78,"column":12},"end":{"line":78,"column":41}},"12":{"start":{"line":83,"column":8},"end":{"line":87,"column":11}},"13":{"start":{"line":100,"column":8},"end":{"line":135,"column":9}},"14":{"start":{"line":107,"column":36},"end":{"line":110,"column":37}}},"fnMap":{"0":{"name":"(anonymous_0)","decl":{"start":{"line":17,"column":4},"end":{"line":17,"column":5}},"loc":{"start":{"line":17,"column":23},"end":{"line":26,"column":5}},"line":17},"1":{"name":"(anonymous_1)","decl":{"start":{"line":37,"column":4},"end":{"line":37,"column":5}},"loc":{"start":{"line":37,"column":24},"end":{"line":39,"column":5}},"line":37},"2":{"name":"(anonymous_2)","decl":{"start":{"line":49,"column":4},"end":{"line":49,"column":5}},"loc":{"start":{"line":49,"column":27},"end":{"line":51,"column":5}},"line":49},"3":{"name":"(anonymous_3)","decl":{"start":{"line":63,"column":4},"end":{"line":63,"column":5}},"loc":{"start":{"line":63,"column":23},"end":{"line":80,"column":5}},"line":63},"4":{"name":"(anonymous_4)","decl":{"start":{"line":82,"column":4},"end":{"line":82,"column":5}},"loc":{"start":{"line":82,"column":15},"end":{"line":88,"column":5}},"line":82},"5":{"name":"(anonymous_5)","decl":{"start":{"line":99,"column":4},"end":{"line":99,"column":5}},"loc":{"start":{"line":99,"column":13},"end":{"line":136,"column":5}},"line":99},"6":{"name":"(anonymous_6)","decl":{"start":{"line":106,"column":56},"end":{"line":106,"column":57}},"loc":{"start":{"line":106,"column":76},"end":{"line":111,"column":33}},"line":106}},"branchMap":{"0":{"loc":{"start":{"line":76,"column":8},"end":{"line":79,"column":9}},"type":"if","locations":[{"start":{"line":76,"column":8},"end":{"line":79,"column":9}},{"start":{"line":76,"column":8},"end":{"line":79,"column":9}}],"line":76},"1":{"loc":{"start":{"line":76,"column":12},"end":{"line":76,"column":71}},"type":"binary-expr","locations":[{"start":{"line":76,"column":12},"end":{"line":76,"column":44}},{"start":{"line":76,"column":48},"end":{"line":76,"column":71}}],"line":76}},"s":{"0":3,"1":3,"2":3,"3":3,"4":3,"5":1,"6":0,"7":0,"8":0,"9":0,"10":0,"11":0,"12":1,"13":4,"14":0},"f":{"0":3,"1":3,"2":1,"3":0,"4":1,"5":4,"6":0},"b":{"0":[0,0],"1":[0,0]},"_coverageSchema":"332fd63041d2c1bcb487cc26dd0d5f7d97098a6c","hash":"15adccdae492249097cdba44c7862e0b4f7fce4b"}
,"/Users/andeladeveloper/Desktop/post-it-app/client/src/js/components/Dashboard/Dashboard.jsx": {"path":"/Users/andeladeveloper/Desktop/post-it-app/client/src/js/components/Dashboard/Dashboard.jsx","statementMap":{"0":{"start":{"line":23,"column":4},"end":{"line":23,"column":17}},"1":{"start":{"line":24,"column":4},"end":{"line":32,"column":6}},"2":{"start":{"line":33,"column":4},"end":{"line":33,"column":44}},"3":{"start":{"line":47,"column":4},"end":{"line":53,"column":5}},"4":{"start":{"line":48,"column":22},"end":{"line":51,"column":14}},"5":{"start":{"line":49,"column":8},"end":{"line":49,"column":25}},"6":{"start":{"line":50,"column":8},"end":{"line":50,"column":30}},"7":{"start":{"line":52,"column":6},"end":{"line":52,"column":46}},"8":{"start":{"line":55,"column":4},"end":{"line":55,"column":46}},"9":{"start":{"line":69,"column":4},"end":{"line":69,"column":49}},"10":{"start":{"line":82,"column":4},"end":{"line":89,"column":7}},"11":{"start":{"line":105,"column":19},"end":{"line":105,"column":59}},"12":{"start":{"line":106,"column":19},"end":{"line":106,"column":71}},"13":{"start":{"line":107,"column":6},"end":{"line":107,"column":88}},"14":{"start":{"line":108,"column":4},"end":{"line":156,"column":5}}},"fnMap":{"0":{"name":"(anonymous_0)","decl":{"start":{"line":22,"column":2},"end":{"line":22,"column":3}},"loc":{"start":{"line":22,"column":21},"end":{"line":34,"column":3}},"line":22},"1":{"name":"(anonymous_1)","decl":{"start":{"line":46,"column":2},"end":{"line":46,"column":3}},"loc":{"start":{"line":46,"column":22},"end":{"line":56,"column":3}},"line":46},"2":{"name":"(anonymous_2)","decl":{"start":{"line":48,"column":33},"end":{"line":48,"column":34}},"loc":{"start":{"line":48,"column":39},"end":{"line":51,"column":7}},"line":48},"3":{"name":"(anonymous_3)","decl":{"start":{"line":68,"column":2},"end":{"line":68,"column":3}},"loc":{"start":{"line":68,"column":25},"end":{"line":70,"column":3}},"line":68},"4":{"name":"(anonymous_4)","decl":{"start":{"line":81,"column":2},"end":{"line":81,"column":3}},"loc":{"start":{"line":81,"column":13},"end":{"line":91,"column":3}},"line":81},"5":{"name":"(anonymous_5)","decl":{"start":{"line":104,"column":2},"end":{"line":104,"column":3}},"loc":{"start":{"line":104,"column":11},"end":{"line":157,"column":3}},"line":104}},"branchMap":{"0":{"loc":{"start":{"line":47,"column":4},"end":{"line":53,"column":5}},"type":"if","locations":[{"start":{"line":47,"column":4},"end":{"line":53,"column":5}},{"start":{"line":47,"column":4},"end":{"line":53,"column":5}}],"line":47},"1":{"loc":{"start":{"line":106,"column":19},"end":{"line":106,"column":71}},"type":"binary-expr","locations":[{"start":{"line":106,"column":19},"end":{"line":106,"column":63}},{"start":{"line":106,"column":67},"end":{"line":106,"column":71}}],"line":106},"2":{"loc":{"start":{"line":107,"column":6},"end":{"line":107,"column":88}},"type":"cond-expr","locations":[{"start":{"line":107,"column":17},"end":{"line":107,"column":25}},{"start":{"line":107,"column":28},"end":{"line":107,"column":88}}],"line":107},"3":{"loc":{"start":{"line":115,"column":15},"end":{"line":115,"column":76}},"type":"cond-expr","locations":[{"start":{"line":115,"column":42},"end":{"line":115,"column":50}},{"start":{"line":115,"column":53},"end":{"line":115,"column":76}}],"line":115},"4":{"loc":{"start":{"line":151,"column":9},"end":{"line":154,"column":70}},"type":"cond-expr","locations":[{"start":{"line":151,"column":36},"end":{"line":152,"column":51}},{"start":{"line":153,"column":10},"end":{"line":154,"column":70}}],"line":151}},"s":{"0":3,"1":3,"2":3,"3":1,"4":1,"5":0,"6":0,"7":1,"8":1,"9":1,"10":0,"11":3,"12":3,"13":3,"14":3},"f":{"0":3,"1":1,"2":0,"3":1,"4":0,"5":3},"b":{"0":[1,0],"1":[3,3],"2":[0,3],"3":[3,0],"4":[3,0]},"_coverageSchema":"332fd63041d2c1bcb487cc26dd0d5f7d97098a6c","hash":"a80213dee43d8dca64756b960a32bbe466e92af7"}
,"/Users/andeladeveloper/Desktop/post-it-app/client/src/js/components/Dashboard/DashboardNavigation.jsx": {"path":"/Users/andeladeveloper/Desktop/post-it-app/client/src/js/components/Dashboard/DashboardNavigation.jsx","statementMap":{"0":{"start":{"line":19,"column":8},"end":{"line":19,"column":21}},"1":{"start":{"line":20,"column":8},"end":{"line":27,"column":10}},"2":{"start":{"line":29,"column":8},"end":{"line":29,"column":61}},"3":{"start":{"line":30,"column":8},"end":{"line":30,"column":63}},"4":{"start":{"line":31,"column":8},"end":{"line":31,"column":61}},"5":{"start":{"line":32,"column":8},"end":{"line":32,"column":63}},"6":{"start":{"line":33,"column":8},"end":{"line":33,"column":75}},"7":{"start":{"line":34,"column":8},"end":{"line":34,"column":77}},"8":{"start":{"line":35,"column":8},"end":{"line":35,"column":46}},"9":{"start":{"line":44,"column":8},"end":{"line":44,"column":50}},"10":{"start":{"line":47,"column":8},"end":{"line":47,"column":51}},"11":{"start":{"line":56,"column":8},"end":{"line":56,"column":46}},"12":{"start":{"line":59,"column":8},"end":{"line":59,"column":47}},"13":{"start":{"line":69,"column":8},"end":{"line":69,"column":51}},"14":{"start":{"line":72,"column":8},"end":{"line":72,"column":52}},"15":{"start":{"line":85,"column":25},"end":{"line":85,"column":65}},"16":{"start":{"line":86,"column":8},"end":{"line":86,"column":30}},"17":{"start":{"line":88,"column":12},"end":{"line":88,"column":68}},"18":{"start":{"line":91,"column":26},"end":{"line":91,"column":77}},"19":{"start":{"line":92,"column":22},"end":{"line":95,"column":9}},"20":{"start":{"line":96,"column":8},"end":{"line":96,"column":36}},"21":{"start":{"line":110,"column":8},"end":{"line":110,"column":31}},"22":{"start":{"line":113,"column":12},"end":{"line":113,"column":68}},"23":{"start":{"line":116,"column":25},"end":{"line":116,"column":68}},"24":{"start":{"line":117,"column":24},"end":{"line":120,"column":9}},"25":{"start":{"line":121,"column":8},"end":{"line":128,"column":9}},"26":{"start":{"line":122,"column":12},"end":{"line":122,"column":71}},"27":{"start":{"line":124,"column":13},"end":{"line":128,"column":9}},"28":{"start":{"line":125,"column":12},"end":{"line":125,"column":46}},"29":{"start":{"line":127,"column":12},"end":{"line":127,"column":50}},"30":{"start":{"line":142,"column":8},"end":{"line":142,"column":31}},"31":{"start":{"line":143,"column":8},"end":{"line":143,"column":28}},"32":{"start":{"line":156,"column":25},"end":{"line":156,"column":65}},"33":{"start":{"line":157,"column":29},"end":{"line":157,"column":124}},"34":{"start":{"line":157,"column":74},"end":{"line":157,"column":123}},"35":{"start":{"line":158,"column":33},"end":{"line":158,"column":131}},"36":{"start":{"line":158,"column":84},"end":{"line":158,"column":130}},"37":{"start":{"line":160,"column":8},"end":{"line":253,"column":9}},"38":{"start":{"line":190,"column":35},"end":{"line":190,"column":65}},"39":{"start":{"line":227,"column":35},"end":{"line":227,"column":71}}},"fnMap":{"0":{"name":"(anonymous_0)","decl":{"start":{"line":18,"column":4},"end":{"line":18,"column":5}},"loc":{"start":{"line":18,"column":23},"end":{"line":36,"column":5}},"line":18},"1":{"name":"(anonymous_1)","decl":{"start":{"line":43,"column":4},"end":{"line":43,"column":5}},"loc":{"start":{"line":43,"column":21},"end":{"line":45,"column":5}},"line":43},"2":{"name":"(anonymous_2)","decl":{"start":{"line":46,"column":4},"end":{"line":46,"column":5}},"loc":{"start":{"line":46,"column":22},"end":{"line":48,"column":5}},"line":46},"3":{"name":"(anonymous_3)","decl":{"start":{"line":55,"column":4},"end":{"line":55,"column":5}},"loc":{"start":{"line":55,"column":21},"end":{"line":57,"column":5}},"line":55},"4":{"name":"(anonymous_4)","decl":{"start":{"line":58,"column":4},"end":{"line":58,"column":5}},"loc":{"start":{"line":58,"column":22},"end":{"line":60,"column":5}},"line":58},"5":{"name":"(anonymous_5)","decl":{"start":{"line":68,"column":4},"end":{"line":68,"column":5}},"loc":{"start":{"line":68,"column":28},"end":{"line":70,"column":5}},"line":68},"6":{"name":"(anonymous_6)","decl":{"start":{"line":71,"column":4},"end":{"line":71,"column":5}},"loc":{"start":{"line":71,"column":29},"end":{"line":73,"column":5}},"line":71},"7":{"name":"(anonymous_7)","decl":{"start":{"line":84,"column":4},"end":{"line":84,"column":5}},"loc":{"start":{"line":84,"column":23},"end":{"line":97,"column":5}},"line":84},"8":{"name":"capitalizeFirstLetter","decl":{"start":{"line":87,"column":17},"end":{"line":87,"column":38}},"loc":{"start":{"line":87,"column":47},"end":{"line":89,"column":9}},"line":87},"9":{"name":"(anonymous_9)","decl":{"start":{"line":109,"column":4},"end":{"line":109,"column":5}},"loc":{"start":{"line":109,"column":19},"end":{"line":129,"column":5}},"line":109},"10":{"name":"capitalizeFirstLetter","decl":{"start":{"line":112,"column":17},"end":{"line":112,"column":38}},"loc":{"start":{"line":112,"column":47},"end":{"line":114,"column":9}},"line":112},"11":{"name":"(anonymous_11)","decl":{"start":{"line":141,"column":4},"end":{"line":141,"column":5}},"loc":{"start":{"line":141,"column":18},"end":{"line":144,"column":5}},"line":141},"12":{"name":"(anonymous_12)","decl":{"start":{"line":155,"column":4},"end":{"line":155,"column":5}},"loc":{"start":{"line":155,"column":13},"end":{"line":254,"column":5}},"line":155},"13":{"name":"(anonymous_13)","decl":{"start":{"line":157,"column":50},"end":{"line":157,"column":51}},"loc":{"start":{"line":157,"column":74},"end":{"line":157,"column":123}},"line":157},"14":{"name":"(anonymous_14)","decl":{"start":{"line":158,"column":61},"end":{"line":158,"column":62}},"loc":{"start":{"line":158,"column":84},"end":{"line":158,"column":130}},"line":158},"15":{"name":"(anonymous_15)","decl":{"start":{"line":190,"column":29},"end":{"line":190,"column":30}},"loc":{"start":{"line":190,"column":35},"end":{"line":190,"column":65}},"line":190},"16":{"name":"(anonymous_16)","decl":{"start":{"line":227,"column":29},"end":{"line":227,"column":30}},"loc":{"start":{"line":227,"column":35},"end":{"line":227,"column":71}},"line":227}},"branchMap":{"0":{"loc":{"start":{"line":121,"column":8},"end":{"line":128,"column":9}},"type":"if","locations":[{"start":{"line":121,"column":8},"end":{"line":128,"column":9}},{"start":{"line":121,"column":8},"end":{"line":128,"column":9}}],"line":121},"1":{"loc":{"start":{"line":124,"column":13},"end":{"line":128,"column":9}},"type":"if","locations":[{"start":{"line":124,"column":13},"end":{"line":128,"column":9}},{"start":{"line":124,"column":13},"end":{"line":128,"column":9}}],"line":124}},"s":{"0":5,"1":5,"2":5,"3":5,"4":5,"5":5,"6":5,"7":5,"8":5,"9":0,"10":0,"11":0,"12":0,"13":0,"14":0,"15":0,"16":0,"17":0,"18":0,"19":0,"20":0,"21":0,"22":0,"23":0,"24":0,"25":0,"26":0,"27":0,"28":0,"29":0,"30":0,"31":0,"32":5,"33":5,"34":0,"35":2,"36":0,"37":2,"38":0,"39":0},"f":{"0":5,"1":0,"2":0,"3":0,"4":0,"5":0,"6":0,"7":0,"8":0,"9":0,"10":0,"11":0,"12":5,"13":0,"14":0,"15":0,"16":0},"b":{"0":[0,0],"1":[0,0]},"_coverageSchema":"332fd63041d2c1bcb487cc26dd0d5f7d97098a6c","hash":"f9b4f0dcba76e064bbc057c0f2e9f2bbb1fbde1b"}
,"/Users/andeladeveloper/Desktop/post-it-app/client/src/js/components/Dashboard/GroupOptions.jsx": {"path":"/Users/andeladeveloper/Desktop/post-it-app/client/src/js/components/Dashboard/GroupOptions.jsx","statementMap":{"0":{"start":{"line":14,"column":8},"end":{"line":18,"column":9}}},"fnMap":{"0":{"name":"(anonymous_0)","decl":{"start":{"line":13,"column":4},"end":{"line":13,"column":5}},"loc":{"start":{"line":13,"column":13},"end":{"line":19,"column":5}},"line":13}},"branchMap":{},"s":{"0":1},"f":{"0":1},"b":{},"_coverageSchema":"332fd63041d2c1bcb487cc26dd0d5f7d97098a6c","hash":"614663d795ce21e98a7bfcb98057ae4a34c8b1c4"}
,"/Users/andeladeveloper/Desktop/post-it-app/client/src/js/components/Dashboard/Groups.jsx": {"path":"/Users/andeladeveloper/Desktop/post-it-app/client/src/js/components/Dashboard/Groups.jsx","statementMap":{"0":{"start":{"line":15,"column":25},"end":{"line":15,"column":65}},"1":{"start":{"line":16,"column":22},"end":{"line":19,"column":9}},"2":{"start":{"line":20,"column":8},"end":{"line":25,"column":9}},"3":{"start":{"line":21,"column":31},"end":{"line":21,"column":66}}},"fnMap":{"0":{"name":"(anonymous_0)","decl":{"start":{"line":14,"column":4},"end":{"line":14,"column":5}},"loc":{"start":{"line":14,"column":13},"end":{"line":26,"column":5}},"line":14},"1":{"name":"(anonymous_1)","decl":{"start":{"line":21,"column":25},"end":{"line":21,"column":26}},"loc":{"start":{"line":21,"column":31},"end":{"line":21,"column":66}},"line":21}},"branchMap":{},"s":{"0":3,"1":3,"2":0,"3":0},"f":{"0":3,"1":0},"b":{},"_coverageSchema":"332fd63041d2c1bcb487cc26dd0d5f7d97098a6c","hash":"450ac97b77e266d6af073404fa3e4bfdfc57525b"}
,"/Users/andeladeveloper/Desktop/post-it-app/client/src/js/components/Dashboard/Message.jsx": {"path":"/Users/andeladeveloper/Desktop/post-it-app/client/src/js/components/Dashboard/Message.jsx","statementMap":{"0":{"start":{"line":16,"column":4},"end":{"line":16,"column":17}},"1":{"start":{"line":17,"column":4},"end":{"line":20,"column":6}},"2":{"start":{"line":21,"column":4},"end":{"line":21,"column":44}},"3":{"start":{"line":22,"column":4},"end":{"line":22,"column":63}},"4":{"start":{"line":23,"column":4},"end":{"line":23,"column":50}},"5":{"start":{"line":38,"column":4},"end":{"line":38,"column":27}},"6":{"start":{"line":40,"column":17},"end":{"line":43,"column":5}},"7":{"start":{"line":44,"column":4},"end":{"line":44,"column":32}},"8":{"start":{"line":45,"column":4},"end":{"line":45,"column":38}},"9":{"start":{"line":49,"column":4},"end":{"line":49,"column":40}},"10":{"start":{"line":63,"column":4},"end":{"line":63,"column":46}},"11":{"start":{"line":74,"column":4},"end":{"line":74,"column":49}},"12":{"start":{"line":85,"column":4},"end":{"line":85,"column":60}},"13":{"start":{"line":96,"column":4},"end":{"line":132,"column":5}},"14":{"start":{"line":120,"column":18},"end":{"line":120,"column":58}}},"fnMap":{"0":{"name":"(anonymous_0)","decl":{"start":{"line":15,"column":2},"end":{"line":15,"column":3}},"loc":{"start":{"line":15,"column":21},"end":{"line":24,"column":3}},"line":15},"1":{"name":"(anonymous_1)","decl":{"start":{"line":37,"column":2},"end":{"line":37,"column":3}},"loc":{"start":{"line":37,"column":27},"end":{"line":46,"column":3}},"line":37},"2":{"name":"(anonymous_2)","decl":{"start":{"line":48,"column":2},"end":{"line":48,"column":3}},"loc":{"start":{"line":48,"column":16},"end":{"line":51,"column":3}},"line":48},"3":{"name":"(anonymous_3)","decl":{"start":{"line":62,"column":2},"end":{"line":62,"column":3}},"loc":{"start":{"line":62,"column":23},"end":{"line":64,"column":3}},"line":62},"4":{"name":"(anonymous_4)","decl":{"start":{"line":73,"column":2},"end":{"line":73,"column":3}},"loc":{"start":{"line":73,"column":25},"end":{"line":75,"column":3}},"line":73},"5":{"name":"(anonymous_5)","decl":{"start":{"line":84,"column":2},"end":{"line":84,"column":3}},"loc":{"start":{"line":84,"column":13},"end":{"line":86,"column":3}},"line":84},"6":{"name":"(anonymous_6)","decl":{"start":{"line":95,"column":2},"end":{"line":95,"column":3}},"loc":{"start":{"line":95,"column":11},"end":{"line":133,"column":3}},"line":95},"7":{"name":"(anonymous_7)","decl":{"start":{"line":119,"column":56},"end":{"line":119,"column":57}},"loc":{"start":{"line":119,"column":85},"end":{"line":121,"column":17}},"line":119}},"branchMap":{"0":{"loc":{"start":{"line":118,"column":15},"end":{"line":122,"column":49}},"type":"cond-expr","locations":[{"start":{"line":119,"column":16},"end":{"line":121,"column":18}},{"start":{"line":122,"column":16},"end":{"line":122,"column":49}}],"line":118}},"s":{"0":3,"1":3,"2":3,"3":3,"4":3,"5":0,"6":0,"7":0,"8":0,"9":0,"10":3,"11":0,"12":0,"13":3,"14":0},"f":{"0":3,"1":0,"2":0,"3":3,"4":0,"5":0,"6":3,"7":0},"b":{"0":[0,0]},"_coverageSchema":"332fd63041d2c1bcb487cc26dd0d5f7d97098a6c","hash":"e07bb2fe8c2f7eba78cb9587ce173567d2397bd4"}
,"/Users/andeladeveloper/Desktop/post-it-app/client/src/js/components/Dashboard/SeenUsers.jsx": {"path":"/Users/andeladeveloper/Desktop/post-it-app/client/src/js/components/Dashboard/SeenUsers.jsx","statementMap":{"0":{"start":{"line":13,"column":4},"end":{"line":18,"column":5}}},"fnMap":{"0":{"name":"(anonymous_0)","decl":{"start":{"line":12,"column":2},"end":{"line":12,"column":3}},"loc":{"start":{"line":12,"column":11},"end":{"line":19,"column":3}},"line":12}},"branchMap":{},"s":{"0":1},"f":{"0":1},"b":{},"_coverageSchema":"332fd63041d2c1bcb487cc26dd0d5f7d97098a6c","hash":"f99dcff33fc3b7a27e129a46c3689883a6749ee8"}
,"/Users/andeladeveloper/Desktop/post-it-app/client/src/js/components/Dashboard/SideBar.jsx": {"path":"/Users/andeladeveloper/Desktop/post-it-app/client/src/js/components/Dashboard/SideBar.jsx","statementMap":{"0":{"start":{"line":21,"column":17},"end":{"line":21,"column":57}},"1":{"start":{"line":22,"column":21},"end":{"line":22,"column":42}},"2":{"start":{"line":24,"column":4},"end":{"line":60,"column":5}},"3":{"start":{"line":29,"column":47},"end":{"line":29,"column":77}},"4":{"start":{"line":37,"column":14},"end":{"line":39,"column":15}},"5":{"start":{"line":52,"column":10},"end":{"line":54,"column":11}}},"fnMap":{"0":{"name":"(anonymous_0)","decl":{"start":{"line":20,"column":2},"end":{"line":20,"column":3}},"loc":{"start":{"line":20,"column":11},"end":{"line":61,"column":3}},"line":20},"1":{"name":"(anonymous_1)","decl":{"start":{"line":29,"column":41},"end":{"line":29,"column":42}},"loc":{"start":{"line":29,"column":47},"end":{"line":29,"column":77}},"line":29},"2":{"name":"(anonymous_2)","decl":{"start":{"line":36,"column":33},"end":{"line":36,"column":34}},"loc":{"start":{"line":36,"column":56},"end":{"line":40,"column":13}},"line":36},"3":{"name":"(anonymous_3)","decl":{"start":{"line":51,"column":32},"end":{"line":51,"column":33}},"loc":{"start":{"line":51,"column":55},"end":{"line":55,"column":9}},"line":51}},"branchMap":{},"s":{"0":5,"1":5,"2":0,"3":0,"4":0,"5":0},"f":{"0":5,"1":0,"2":0,"3":0},"b":{},"_coverageSchema":"332fd63041d2c1bcb487cc26dd0d5f7d97098a6c","hash":"6a85fafda4df1789056f856623495514f29c72a7"}
,"/Users/andeladeveloper/Desktop/post-it-app/client/src/js/components/Dashboard/Users.jsx": {"path":"/Users/andeladeveloper/Desktop/post-it-app/client/src/js/components/Dashboard/Users.jsx","statementMap":{"0":{"start":{"line":15,"column":4},"end":{"line":22,"column":5}}},"fnMap":{"0":{"name":"(anonymous_0)","decl":{"start":{"line":14,"column":2},"end":{"line":14,"column":3}},"loc":{"start":{"line":14,"column":11},"end":{"line":23,"column":3}},"line":14}},"branchMap":{},"s":{"0":1},"f":{"0":1},"b":{},"_coverageSchema":"332fd63041d2c1bcb487cc26dd0d5f7d97098a6c","hash":"09fdc51c3f801721f96ebc42c718299ba3f21089"}
,"/Users/andeladeveloper/Desktop/post-it-app/client/src/js/components/Dashboard/WelcomeBoard.jsx": {"path":"/Users/andeladeveloper/Desktop/post-it-app/client/src/js/components/Dashboard/WelcomeBoard.jsx","statementMap":{"0":{"start":{"line":19,"column":23},"end":{"line":19,"column":63}},"1":{"start":{"line":20,"column":8},"end":{"line":40,"column":9}}},"fnMap":{"0":{"name":"(anonymous_0)","decl":{"start":{"line":18,"column":4},"end":{"line":18,"column":5}},"loc":{"start":{"line":18,"column":13},"end":{"line":41,"column":5}},"line":18}},"branchMap":{},"s":{"0":1,"1":1},"f":{"0":1},"b":{},"_coverageSchema":"332fd63041d2c1bcb487cc26dd0d5f7d97098a6c","hash":"db77514aaf1ca7c413e47b3e560a2ff8ea6e4cc5"}
,"/Users/andeladeveloper/Desktop/post-it-app/client/src/js/constants/AppConstants.js": {"path":"/Users/andeladeveloper/Desktop/post-it-app/client/src/js/constants/AppConstants.js","statementMap":{"0":{"start":{"line":1,"column":0},"end":{"line":35,"column":2}}},"fnMap":{},"branchMap":{},"s":{"0":24},"f":{},"b":{},"_coverageSchema":"332fd63041d2c1bcb487cc26dd0d5f7d97098a6c","hash":"d5db280b94fdc30db91387132d6cf5fb4c353746"}
,"/Users/andeladeveloper/Desktop/post-it-app/client/src/js/dispatcher/AppDispatcher.js": {"path":"/Users/andeladeveloper/Desktop/post-it-app/client/src/js/dispatcher/AppDispatcher.js","statementMap":{"0":{"start":{"line":4,"column":22},"end":{"line":13,"column":2}},"1":{"start":{"line":6,"column":20},"end":{"line":9,"column":5}},"2":{"start":{"line":10,"column":4},"end":{"line":10,"column":27}},"3":{"start":{"line":15,"column":0},"end":{"line":15,"column":31}}},"fnMap":{},"branchMap":{},"s":{"0":24,"1":26,"2":26,"3":24},"f":{},"b":{},"_coverageSchema":"332fd63041d2c1bcb487cc26dd0d5f7d97098a6c","hash":"16cbf7904952b8905ba498f2e326faee7826a745"}
,"/Users/andeladeveloper/Desktop/post-it-app/client/src/js/helpers/validate.helper.js": {"path":"/Users/andeladeveloper/Desktop/post-it-app/client/src/js/helpers/validate.helper.js","statementMap":{"0":{"start":{"line":1,"column":22},"end":{"line":4,"column":1}},"1":{"start":{"line":2,"column":26},"end":{"line":2,"column":181}},"2":{"start":{"line":3,"column":2},"end":{"line":3,"column":37}},"3":{"start":{"line":6,"column":0},"end":{"line":8,"column":2}}},"fnMap":{"0":{"name":"(anonymous_0)","decl":{"start":{"line":1,"column":22},"end":{"line":1,"column":23}},"loc":{"start":{"line":1,"column":33},"end":{"line":4,"column":1}},"line":1}},"branchMap":{},"s":{"0":5,"1":2,"2":2,"3":5},"f":{"0":2},"b":{},"_coverageSchema":"332fd63041d2c1bcb487cc26dd0d5f7d97098a6c","hash":"e619cc0fbfa7ccc75ec4d6a63035e4033d933ce8"}
,"/Users/andeladeveloper/Desktop/post-it-app/client/src/js/stores/AppStore.js": {"path":"/Users/andeladeveloper/Desktop/post-it-app/client/src/js/stores/AppStore.js","statementMap":{"0":{"start":{"line":8,"column":21},"end":{"line":8,"column":29}},"1":{"start":{"line":10,"column":16},"end":{"line":10,"column":18}},"2":{"start":{"line":11,"column":19},"end":{"line":11,"column":24}},"3":{"start":{"line":12,"column":20},"end":{"line":12,"column":22}},"4":{"start":{"line":13,"column":24},"end":{"line":13,"column":26}},"5":{"start":{"line":14,"column":20},"end":{"line":14,"column":22}},"6":{"start":{"line":15,"column":18},"end":{"line":15,"column":20}},"7":{"start":{"line":16,"column":22},"end":{"line":16,"column":24}},"8":{"start":{"line":17,"column":22},"end":{"line":17,"column":24}},"9":{"start":{"line":18,"column":24},"end":{"line":18,"column":26}},"10":{"start":{"line":19,"column":25},"end":{"line":19,"column":27}},"11":{"start":{"line":20,"column":24},"end":{"line":20,"column":26}},"12":{"start":{"line":21,"column":27},"end":{"line":21,"column":29}},"13":{"start":{"line":22,"column":26},"end":{"line":22,"column":28}},"14":{"start":{"line":23,"column":26},"end":{"line":23,"column":28}},"15":{"start":{"line":24,"column":21},"end":{"line":24,"column":23}},"16":{"start":{"line":25,"column":24},"end":{"line":25,"column":28}},"17":{"start":{"line":26,"column":21},"end":{"line":26,"column":23}},"18":{"start":{"line":27,"column":24},"end":{"line":27,"column":26}},"19":{"start":{"line":28,"column":16},"end":{"line":28,"column":18}},"20":{"start":{"line":30,"column":17},"end":{"line":225,"column":2}},"21":{"start":{"line":33,"column":4},"end":{"line":33,"column":24}},"22":{"start":{"line":37,"column":4},"end":{"line":37,"column":24}},"23":{"start":{"line":40,"column":4},"end":{"line":40,"column":25}},"24":{"start":{"line":44,"column":4},"end":{"line":44,"column":24}},"25":{"start":{"line":48,"column":4},"end":{"line":48,"column":27}},"26":{"start":{"line":52,"column":4},"end":{"line":52,"column":21}},"27":{"start":{"line":56,"column":4},"end":{"line":56,"column":21}},"28":{"start":{"line":57,"column":4},"end":{"line":57,"column":40}},"29":{"start":{"line":61,"column":4},"end":{"line":61,"column":21}},"30":{"start":{"line":65,"column":4},"end":{"line":65,"column":25}},"31":{"start":{"line":68,"column":4},"end":{"line":68,"column":32}},"32":{"start":{"line":72,"column":4},"end":{"line":72,"column":29}},"33":{"start":{"line":76,"column":4},"end":{"line":76,"column":31}},"34":{"start":{"line":80,"column":4},"end":{"line":80,"column":33}},"35":{"start":{"line":84,"column":4},"end":{"line":84,"column":30}},"36":{"start":{"line":88,"column":4},"end":{"line":88,"column":34}},"37":{"start":{"line":92,"column":4},"end":{"line":92,"column":21}},"38":{"start":{"line":96,"column":4},"end":{"line":96,"column":23}},"39":{"start":{"line":100,"column":4},"end":{"line":100,"column":29}},"40":{"start":{"line":104,"column":4},"end":{"line":104,"column":46}},"41":{"start":{"line":105,"column":4},"end":{"line":105,"column":35}},"42":{"start":{"line":109,"column":4},"end":{"line":109,"column":23}},"43":{"start":{"line":113,"column":4},"end":{"line":113,"column":28}},"44":{"start":{"line":117,"column":4},"end":{"line":117,"column":25}},"45":{"start":{"line":121,"column":4},"end":{"line":121,"column":29}},"46":{"start":{"line":125,"column":4},"end":{"line":125,"column":30}},"47":{"start":{"line":129,"column":4},"end":{"line":129,"column":27}},"48":{"start":{"line":133,"column":4},"end":{"line":133,"column":32}},"49":{"start":{"line":137,"column":4},"end":{"line":137,"column":28}},"50":{"start":{"line":141,"column":4},"end":{"line":141,"column":27}},"51":{"start":{"line":145,"column":4},"end":{"line":145,"column":29}},"52":{"start":{"line":149,"column":4},"end":{"line":149,"column":29}},"53":{"start":{"line":153,"column":4},"end":{"line":153,"column":32}},"54":{"start":{"line":157,"column":4},"end":{"line":157,"column":25}},"55":{"start":{"line":161,"column":4},"end":{"line":161,"column":32}},"56":{"start":{"line":165,"column":4},"end":{"line":165,"column":29}},"57":{"start":{"line":169,"column":4},"end":{"line":169,"column":29}},"58":{"start":{"line":173,"column":4},"end":{"line":173,"column":31}},"59":{"start":{"line":177,"column":4},"end":{"line":177,"column":32}},"60":{"start":{"line":181,"column":4},"end":{"line":181,"column":39}},"61":{"start":{"line":185,"column":4},"end":{"line":185,"column":35}},"62":{"start":{"line":189,"column":18},"end":{"line":189,"column":73}},"63":{"start":{"line":189,"column":54},"end":{"line":189,"column":72}},"64":{"start":{"line":190,"column":4},"end":{"line":190,"column":42}},"65":{"start":{"line":194,"column":4},"end":{"line":194,"column":31}},"66":{"start":{"line":198,"column":4},"end":{"line":198,"column":38}},"67":{"start":{"line":202,"column":4},"end":{"line":202,"column":34}},"68":{"start":{"line":206,"column":4},"end":{"line":206,"column":26}},"69":{"start":{"line":210,"column":4},"end":{"line":210,"column":27}},"70":{"start":{"line":214,"column":4},"end":{"line":214,"column":28}},"71":{"start":{"line":218,"column":4},"end":{"line":218,"column":32}},"72":{"start":{"line":222,"column":4},"end":{"line":222,"column":44}},"73":{"start":{"line":227,"column":0},"end":{"line":357,"column":3}},"74":{"start":{"line":228,"column":17},"end":{"line":228,"column":31}},"75":{"start":{"line":230,"column":2},"end":{"line":354,"column":3}},"76":{"start":{"line":232,"column":6},"end":{"line":232,"column":43}},"77":{"start":{"line":233,"column":6},"end":{"line":233,"column":41}},"78":{"start":{"line":234,"column":6},"end":{"line":234,"column":34}},"79":{"start":{"line":235,"column":6},"end":{"line":235,"column":12}},"80":{"start":{"line":238,"column":6},"end":{"line":238,"column":49}},"81":{"start":{"line":239,"column":6},"end":{"line":239,"column":34}},"82":{"start":{"line":240,"column":6},"end":{"line":240,"column":12}},"83":{"start":{"line":243,"column":6},"end":{"line":243,"column":40}},"84":{"start":{"line":244,"column":6},"end":{"line":244,"column":34}},"85":{"start":{"line":245,"column":6},"end":{"line":245,"column":12}},"86":{"start":{"line":248,"column":6},"end":{"line":248,"column":48}},"87":{"start":{"line":249,"column":6},"end":{"line":249,"column":34}},"88":{"start":{"line":250,"column":6},"end":{"line":250,"column":12}},"89":{"start":{"line":254,"column":6},"end":{"line":254,"column":39}},"90":{"start":{"line":255,"column":6},"end":{"line":255,"column":37}},"91":{"start":{"line":256,"column":6},"end":{"line":256,"column":34}},"92":{"start":{"line":257,"column":6},"end":{"line":257,"column":12}},"93":{"start":{"line":260,"column":6},"end":{"line":260,"column":40}},"94":{"start":{"line":261,"column":6},"end":{"line":261,"column":34}},"95":{"start":{"line":262,"column":6},"end":{"line":262,"column":12}},"96":{"start":{"line":265,"column":6},"end":{"line":265,"column":40}},"97":{"start":{"line":266,"column":6},"end":{"line":266,"column":34}},"98":{"start":{"line":267,"column":6},"end":{"line":267,"column":12}},"99":{"start":{"line":270,"column":6},"end":{"line":270,"column":52}},"100":{"start":{"line":271,"column":6},"end":{"line":271,"column":34}},"101":{"start":{"line":272,"column":6},"end":{"line":272,"column":12}},"102":{"start":{"line":275,"column":6},"end":{"line":275,"column":46}},"103":{"start":{"line":276,"column":6},"end":{"line":276,"column":44}},"104":{"start":{"line":277,"column":6},"end":{"line":277,"column":34}},"105":{"start":{"line":278,"column":6},"end":{"line":278,"column":12}},"106":{"start":{"line":281,"column":6},"end":{"line":281,"column":44}},"107":{"start":{"line":282,"column":6},"end":{"line":282,"column":42}},"108":{"start":{"line":283,"column":6},"end":{"line":283,"column":34}},"109":{"start":{"line":284,"column":6},"end":{"line":284,"column":12}},"110":{"start":{"line":287,"column":6},"end":{"line":287,"column":43}},"111":{"start":{"line":288,"column":6},"end":{"line":288,"column":34}},"112":{"start":{"line":289,"column":6},"end":{"line":289,"column":12}},"113":{"start":{"line":292,"column":6},"end":{"line":292,"column":38}},"114":{"start":{"line":293,"column":6},"end":{"line":293,"column":34}},"115":{"start":{"line":294,"column":6},"end":{"line":294,"column":12}},"116":{"start":{"line":297,"column":6},"end":{"line":297,"column":42}},"117":{"start":{"line":298,"column":6},"end":{"line":298,"column":34}},"118":{"start":{"line":299,"column":6},"end":{"line":299,"column":12}},"119":{"start":{"line":302,"column":6},"end":{"line":302,"column":35}},"120":{"start":{"line":303,"column":6},"end":{"line":303,"column":34}},"121":{"start":{"line":304,"column":6},"end":{"line":304,"column":12}},"122":{"start":{"line":307,"column":6},"end":{"line":307,"column":37}},"123":{"start":{"line":308,"column":6},"end":{"line":308,"column":25}},"124":{"start":{"line":309,"column":6},"end":{"line":309,"column":34}},"125":{"start":{"line":310,"column":6},"end":{"line":310,"column":12}},"126":{"start":{"line":313,"column":6},"end":{"line":313,"column":45}},"127":{"start":{"line":314,"column":6},"end":{"line":314,"column":49}},"128":{"start":{"line":315,"column":6},"end":{"line":315,"column":50}},"129":{"start":{"line":316,"column":6},"end":{"line":316,"column":24}},"130":{"start":{"line":317,"column":6},"end":{"line":317,"column":27}},"131":{"start":{"line":318,"column":6},"end":{"line":318,"column":25}},"132":{"start":{"line":319,"column":6},"end":{"line":319,"column":34}},"133":{"start":{"line":320,"column":6},"end":{"line":320,"column":12}},"134":{"start":{"line":323,"column":6},"end":{"line":323,"column":50}},"135":{"start":{"line":324,"column":6},"end":{"line":324,"column":34}},"136":{"start":{"line":325,"column":6},"end":{"line":325,"column":12}},"137":{"start":{"line":328,"column":6},"end":{"line":328,"column":45}},"138":{"start":{"line":329,"column":6},"end":{"line":329,"column":34}},"139":{"start":{"line":330,"column":6},"end":{"line":330,"column":12}},"140":{"start":{"line":333,"column":6},"end":{"line":333,"column":55}},"141":{"start":{"line":334,"column":6},"end":{"line":334,"column":52}},"142":{"start":{"line":335,"column":6},"end":{"line":335,"column":34}},"143":{"start":{"line":336,"column":6},"end":{"line":336,"column":12}},"144":{"start":{"line":339,"column":6},"end":{"line":339,"column":43}},"145":{"start":{"line":340,"column":6},"end":{"line":340,"column":34}},"146":{"start":{"line":341,"column":6},"end":{"line":341,"column":12}},"147":{"start":{"line":343,"column":6},"end":{"line":343,"column":41}},"148":{"start":{"line":344,"column":6},"end":{"line":344,"column":34}},"149":{"start":{"line":345,"column":6},"end":{"line":345,"column":12}},"150":{"start":{"line":348,"column":6},"end":{"line":348,"column":47}},"151":{"start":{"line":349,"column":6},"end":{"line":349,"column":34}},"152":{"start":{"line":350,"column":6},"end":{"line":350,"column":12}},"153":{"start":{"line":356,"column":2},"end":{"line":356,"column":14}},"154":{"start":{"line":359,"column":0},"end":{"line":359,"column":26}}},"fnMap":{"0":{"name":"(anonymous_0)","decl":{"start":{"line":189,"column":49},"end":{"line":189,"column":50}},"loc":{"start":{"line":189,"column":54},"end":{"line":189,"column":72}},"line":189},"1":{"name":"(anonymous_1)","decl":{"start":{"line":227,"column":23},"end":{"line":227,"column":24}},"loc":{"start":{"line":227,"column":36},"end":{"line":357,"column":1}},"line":227}},"branchMap":{"0":{"loc":{"start":{"line":230,"column":2},"end":{"line":354,"column":3}},"type":"switch","locations":[{"start":{"line":231,"column":4},"end":{"line":235,"column":12}},{"start":{"line":237,"column":4},"end":{"line":240,"column":12}},{"start":{"line":242,"column":4},"end":{"line":245,"column":12}},{"start":{"line":247,"column":4},"end":{"line":250,"column":12}},{"start":{"line":253,"column":4},"end":{"line":257,"column":12}},{"start":{"line":259,"column":4},"end":{"line":262,"column":12}},{"start":{"line":264,"column":4},"end":{"line":267,"column":12}},{"start":{"line":269,"column":4},"end":{"line":272,"column":12}},{"start":{"line":274,"column":4},"end":{"line":278,"column":12}},{"start":{"line":280,"column":4},"end":{"line":284,"column":12}},{"start":{"line":286,"column":4},"end":{"line":289,"column":12}},{"start":{"line":291,"column":4},"end":{"line":294,"column":12}},{"start":{"line":296,"column":4},"end":{"line":299,"column":12}},{"start":{"line":301,"column":4},"end":{"line":304,"column":12}},{"start":{"line":306,"column":4},"end":{"line":310,"column":12}},{"start":{"line":312,"column":4},"end":{"line":320,"column":12}},{"start":{"line":322,"column":4},"end":{"line":325,"column":12}},{"start":{"line":327,"column":4},"end":{"line":330,"column":12}},{"start":{"line":332,"column":4},"end":{"line":336,"column":12}},{"start":{"line":338,"column":4},"end":{"line":341,"column":12}},{"start":{"line":342,"column":4},"end":{"line":345,"column":12}},{"start":{"line":347,"column":4},"end":{"line":350,"column":12}},{"start":{"line":352,"column":4},"end":{"line":352,"column":12}}],"line":230}},"s":{"0":14,"1":14,"2":14,"3":14,"4":14,"5":14,"6":14,"7":14,"8":14,"9":14,"10":14,"11":14,"12":14,"13":14,"14":14,"15":14,"16":14,"17":14,"18":14,"19":14,"20":14,"21":8,"22":1,"23":1,"24":7,"25":6,"26":14,"27":1,"28":1,"29":0,"30":4,"31":1,"32":0,"33":6,"34":1,"35":9,"36":1,"37":5,"38":1,"39":11,"40":1,"41":1,"42":9,"43":1,"44":1,"45":7,"46":1,"47":3,"48":1,"49":1,"50":3,"51":0,"52":0,"53":0,"54":4,"55":1,"56":1,"57":3,"58":1,"59":0,"60":0,"61":0,"62":0,"63":0,"64":0,"65":0,"66":0,"67":0,"68":3,"69":1,"70":0,"71":17,"72":5,"73":14,"74":24,"75":24,"76":0,"77":0,"78":0,"79":0,"80":0,"81":0,"82":0,"83":0,"84":0,"85":0,"86":0,"87":0,"88":0,"89":0,"90":0,"91":0,"92":0,"93":0,"94":0,"95":0,"96":0,"97":0,"98":0,"99":0,"100":0,"101":0,"102":0,"103":0,"104":0,"105":0,"106":0,"107":0,"108":0,"109":0,"110":0,"111":0,"112":0,"113":0,"114":0,"115":0,"116":0,"117":0,"118":0,"119":0,"120":0,"121":0,"122":0,"123":0,"124":0,"125":0,"126":0,"127":0,"128":0,"129":0,"130":0,"131":0,"132":0,"133":0,"134":0,"135":0,"136":0,"137":0,"138":0,"139":0,"140":0,"141":0,"142":0,"143":0,"144":0,"145":0,"146":0,"147":0,"148":0,"149":0,"150":0,"151":0,"152":0,"153":24,"154":14},"f":{"0":0,"1":24},"b":{"0":[0,0,0,0,0,0,0,0,0,0,0,0,0,0,0,0,0,0,0,0,0,0,24]},"_coverageSchema":"332fd63041d2c1bcb487cc26dd0d5f7d97098a6c","hash":"17bc641fa106c96b0079ec11594b097b224dd0d6"}
,"/Users/andeladeveloper/Desktop/post-it-app/client/src/js/tests/mocks/SaveContact.js": {"path":"/Users/andeladeveloper/Desktop/post-it-app/client/src/js/tests/mocks/SaveContact.js","statementMap":{"0":{"start":{"line":4,"column":20},"end":{"line":6,"column":1}}},"fnMap":{},"branchMap":{},"s":{"0":1},"f":{},"b":{},"_coverageSchema":"332fd63041d2c1bcb487cc26dd0d5f7d97098a6c","hash":"00a420636f62544607ee8eb5309f7f8a6de96b59"}
,"/Users/andeladeveloper/Desktop/post-it-app/client/src/js/tests/mocks/StoreMock.js": {"path":"/Users/andeladeveloper/Desktop/post-it-app/client/src/js/tests/mocks/StoreMock.js","statementMap":{"0":{"start":{"line":3,"column":18},"end":{"line":5,"column":1}}},"fnMap":{},"branchMap":{},"s":{"0":1},"f":{},"b":{},"_coverageSchema":"332fd63041d2c1bcb487cc26dd0d5f7d97098a6c","hash":"0f1632e4e6342455b453c2013ff42ffdb05b32f7"}
,"/Users/andeladeveloper/Desktop/post-it-app/client/src/js/utils/appAPI.js": {"path":"/Users/andeladeveloper/Desktop/post-it-app/client/src/js/utils/appAPI.js","statementMap":{"0":{"start":{"line":5,"column":0},"end":{"line":202,"column":2}},"1":{"start":{"line":7,"column":4},"end":{"line":26,"column":7}},"2":{"start":{"line":13,"column":19},"end":{"line":13,"column":41}},"3":{"start":{"line":14,"column":6},"end":{"line":23,"column":7}},"4":{"start":{"line":16,"column":8},"end":{"line":16,"column":44}},"5":{"start":{"line":17,"column":13},"end":{"line":23,"column":7}},"6":{"start":{"line":19,"column":8},"end":{"line":19,"column":44}},"7":{"start":{"line":21,"column":8},"end":{"line":21,"column":38}},"8":{"start":{"line":22,"column":8},"end":{"line":22,"column":66}},"9":{"start":{"line":25,"column":6},"end":{"line":25,"column":26}},"10":{"start":{"line":30,"column":4},"end":{"line":36,"column":9}},"11":{"start":{"line":32,"column":8},"end":{"line":32,"column":49}},"12":{"start":{"line":35,"column":8},"end":{"line":35,"column":28}},"13":{"start":{"line":40,"column":4},"end":{"line":46,"column":11}},"14":{"start":{"line":42,"column":10},"end":{"line":42,"column":50}},"15":{"start":{"line":45,"column":10},"end":{"line":45,"column":30}},"16":{"start":{"line":50,"column":4},"end":{"line":56,"column":11}},"17":{"start":{"line":52,"column":10},"end":{"line":52,"column":50}},"18":{"start":{"line":55,"column":10},"end":{"line":55,"column":30}},"19":{"start":{"line":60,"column":4},"end":{"line":67,"column":7}},"20":{"start":{"line":64,"column":6},"end":{"line":64,"column":44}},"21":{"start":{"line":66,"column":6},"end":{"line":66,"column":26}},"22":{"start":{"line":71,"column":4},"end":{"line":77,"column":7}},"23":{"start":{"line":73,"column":21},"end":{"line":73,"column":34}},"24":{"start":{"line":74,"column":6},"end":{"line":74,"column":39}},"25":{"start":{"line":76,"column":6},"end":{"line":76,"column":26}},"26":{"start":{"line":81,"column":4},"end":{"line":88,"column":7}},"27":{"start":{"line":83,"column":27},"end":{"line":83,"column":40}},"28":{"start":{"line":84,"column":6},"end":{"line":84,"column":51}},"29":{"start":{"line":87,"column":6},"end":{"line":87,"column":26}},"30":{"start":{"line":92,"column":4},"end":{"line":100,"column":7}},"31":{"start":{"line":97,"column":6},"end":{"line":97,"column":44}},"32":{"start":{"line":99,"column":6},"end":{"line":99,"column":26}},"33":{"start":{"line":104,"column":4},"end":{"line":115,"column":7}},"34":{"start":{"line":112,"column":6},"end":{"line":112,"column":44}},"35":{"start":{"line":114,"column":6},"end":{"line":114,"column":26}},"36":{"start":{"line":119,"column":22},"end":{"line":119,"column":36}},"37":{"start":{"line":120,"column":22},"end":{"line":120,"column":36}},"38":{"start":{"line":121,"column":4},"end":{"line":127,"column":7}},"39":{"start":{"line":123,"column":6},"end":{"line":123,"column":49}},"40":{"start":{"line":126,"column":6},"end":{"line":126,"column":26}},"41":{"start":{"line":131,"column":4},"end":{"line":147,"column":7}},"42":{"start":{"line":135,"column":19},"end":{"line":135,"column":41}},"43":{"start":{"line":136,"column":6},"end":{"line":144,"column":7}},"44":{"start":{"line":137,"column":8},"end":{"line":137,"column":36}},"45":{"start":{"line":138,"column":13},"end":{"line":144,"column":7}},"46":{"start":{"line":140,"column":8},"end":{"line":140,"column":44}},"47":{"start":{"line":142,"column":8},"end":{"line":142,"column":38}},"48":{"start":{"line":143,"column":8},"end":{"line":143,"column":44}},"49":{"start":{"line":146,"column":6},"end":{"line":146,"column":56}},"50":{"start":{"line":151,"column":4},"end":{"line":155,"column":7}},"51":{"start":{"line":152,"column":6},"end":{"line":152,"column":44}},"52":{"start":{"line":154,"column":6},"end":{"line":154,"column":26}},"53":{"start":{"line":159,"column":22},"end":{"line":159,"column":37}},"54":{"start":{"line":160,"column":17},"end":{"line":160,"column":31}},"55":{"start":{"line":161,"column":4},"end":{"line":170,"column":9}},"56":{"start":{"line":163,"column":25},"end":{"line":163,"column":47}},"57":{"start":{"line":164,"column":22},"end":{"line":164,"column":41}},"58":{"start":{"line":165,"column":8},"end":{"line":165,"column":45}},"59":{"start":{"line":166,"column":8},"end":{"line":166,"column":38}},"60":{"start":{"line":169,"column":8},"end":{"line":169,"column":28}},"61":{"start":{"line":174,"column":21},"end":{"line":174,"column":57}},"62":{"start":{"line":175,"column":18},"end":{"line":175,"column":34}},"63":{"start":{"line":176,"column":19},"end":{"line":176,"column":36}},"64":{"start":{"line":177,"column":16},"end":{"line":177,"column":30}},"65":{"start":{"line":179,"column":4},"end":{"line":190,"column":7}},"66":{"start":{"line":185,"column":19},"end":{"line":185,"column":32}},"67":{"start":{"line":186,"column":6},"end":{"line":186,"column":36}},"68":{"start":{"line":187,"column":6},"end":{"line":187,"column":42}},"69":{"start":{"line":189,"column":6},"end":{"line":189,"column":26}},"70":{"start":{"line":194,"column":4},"end":{"line":199,"column":7}},"71":{"start":{"line":196,"column":6},"end":{"line":196,"column":44}},"72":{"start":{"line":198,"column":6},"end":{"line":198,"column":26}}},"fnMap":{"0":{"name":"(anonymous_0)","decl":{"start":{"line":12,"column":12},"end":{"line":12,"column":13}},"loc":{"start":{"line":12,"column":26},"end":{"line":24,"column":5}},"line":12},"1":{"name":"(anonymous_1)","decl":{"start":{"line":24,"column":13},"end":{"line":24,"column":14}},"loc":{"start":{"line":24,"column":24},"end":{"line":26,"column":5}},"line":24},"2":{"name":"(anonymous_2)","decl":{"start":{"line":31,"column":12},"end":{"line":31,"column":13}},"loc":{"start":{"line":31,"column":26},"end":{"line":33,"column":7}},"line":31},"3":{"name":"(anonymous_3)","decl":{"start":{"line":34,"column":13},"end":{"line":34,"column":14}},"loc":{"start":{"line":34,"column":24},"end":{"line":36,"column":7}},"line":34},"4":{"name":"(anonymous_4)","decl":{"start":{"line":41,"column":14},"end":{"line":41,"column":15}},"loc":{"start":{"line":41,"column":28},"end":{"line":43,"column":9}},"line":41},"5":{"name":"(anonymous_5)","decl":{"start":{"line":44,"column":15},"end":{"line":44,"column":16}},"loc":{"start":{"line":44,"column":26},"end":{"line":46,"column":9}},"line":44},"6":{"name":"(anonymous_6)","decl":{"start":{"line":51,"column":14},"end":{"line":51,"column":15}},"loc":{"start":{"line":51,"column":28},"end":{"line":53,"column":9}},"line":51},"7":{"name":"(anonymous_7)","decl":{"start":{"line":54,"column":15},"end":{"line":54,"column":16}},"loc":{"start":{"line":54,"column":26},"end":{"line":56,"column":9}},"line":54},"8":{"name":"(anonymous_8)","decl":{"start":{"line":63,"column":12},"end":{"line":63,"column":13}},"loc":{"start":{"line":63,"column":26},"end":{"line":65,"column":5}},"line":63},"9":{"name":"(anonymous_9)","decl":{"start":{"line":65,"column":13},"end":{"line":65,"column":14}},"loc":{"start":{"line":65,"column":24},"end":{"line":67,"column":5}},"line":65},"10":{"name":"(anonymous_10)","decl":{"start":{"line":72,"column":10},"end":{"line":72,"column":11}},"loc":{"start":{"line":72,"column":24},"end":{"line":75,"column":5}},"line":72},"11":{"name":"(anonymous_11)","decl":{"start":{"line":75,"column":13},"end":{"line":75,"column":14}},"loc":{"start":{"line":75,"column":24},"end":{"line":77,"column":5}},"line":75},"12":{"name":"(anonymous_12)","decl":{"start":{"line":82,"column":10},"end":{"line":82,"column":11}},"loc":{"start":{"line":82,"column":24},"end":{"line":85,"column":5}},"line":82},"13":{"name":"(anonymous_13)","decl":{"start":{"line":86,"column":11},"end":{"line":86,"column":12}},"loc":{"start":{"line":86,"column":22},"end":{"line":88,"column":5}},"line":86},"14":{"name":"(anonymous_14)","decl":{"start":{"line":96,"column":10},"end":{"line":96,"column":11}},"loc":{"start":{"line":96,"column":24},"end":{"line":98,"column":5}},"line":96},"15":{"name":"(anonymous_15)","decl":{"start":{"line":98,"column":13},"end":{"line":98,"column":14}},"loc":{"start":{"line":98,"column":24},"end":{"line":100,"column":5}},"line":98},"16":{"name":"(anonymous_16)","decl":{"start":{"line":111,"column":10},"end":{"line":111,"column":11}},"loc":{"start":{"line":111,"column":24},"end":{"line":113,"column":5}},"line":111},"17":{"name":"(anonymous_17)","decl":{"start":{"line":113,"column":13},"end":{"line":113,"column":14}},"loc":{"start":{"line":113,"column":24},"end":{"line":115,"column":5}},"line":113},"18":{"name":"(anonymous_18)","decl":{"start":{"line":122,"column":10},"end":{"line":122,"column":11}},"loc":{"start":{"line":122,"column":24},"end":{"line":124,"column":5}},"line":122},"19":{"name":"(anonymous_19)","decl":{"start":{"line":125,"column":11},"end":{"line":125,"column":12}},"loc":{"start":{"line":125,"column":22},"end":{"line":127,"column":5}},"line":125},"20":{"name":"(anonymous_20)","decl":{"start":{"line":134,"column":12},"end":{"line":134,"column":13}},"loc":{"start":{"line":134,"column":26},"end":{"line":145,"column":5}},"line":134},"21":{"name":"(anonymous_21)","decl":{"start":{"line":145,"column":13},"end":{"line":145,"column":14}},"loc":{"start":{"line":145,"column":19},"end":{"line":147,"column":5}},"line":145},"22":{"name":"(anonymous_22)","decl":{"start":{"line":151,"column":44},"end":{"line":151,"column":45}},"loc":{"start":{"line":151,"column":58},"end":{"line":153,"column":5}},"line":151},"23":{"name":"(anonymous_23)","decl":{"start":{"line":153,"column":13},"end":{"line":153,"column":14}},"loc":{"start":{"line":153,"column":24},"end":{"line":155,"column":5}},"line":153},"24":{"name":"(anonymous_24)","decl":{"start":{"line":162,"column":12},"end":{"line":162,"column":13}},"loc":{"start":{"line":162,"column":26},"end":{"line":167,"column":7}},"line":162},"25":{"name":"(anonymous_25)","decl":{"start":{"line":168,"column":13},"end":{"line":168,"column":14}},"loc":{"start":{"line":168,"column":24},"end":{"line":170,"column":7}},"line":168},"26":{"name":"(anonymous_26)","decl":{"start":{"line":184,"column":12},"end":{"line":184,"column":13}},"loc":{"start":{"line":184,"column":26},"end":{"line":188,"column":5}},"line":184},"27":{"name":"(anonymous_27)","decl":{"start":{"line":188,"column":13},"end":{"line":188,"column":14}},"loc":{"start":{"line":188,"column":24},"end":{"line":190,"column":5}},"line":188},"28":{"name":"(anonymous_28)","decl":{"start":{"line":195,"column":12},"end":{"line":195,"column":13}},"loc":{"start":{"line":195,"column":26},"end":{"line":197,"column":5}},"line":195},"29":{"name":"(anonymous_29)","decl":{"start":{"line":197,"column":13},"end":{"line":197,"column":14}},"loc":{"start":{"line":197,"column":24},"end":{"line":199,"column":5}},"line":197}},"branchMap":{"0":{"loc":{"start":{"line":14,"column":6},"end":{"line":23,"column":7}},"type":"if","locations":[{"start":{"line":14,"column":6},"end":{"line":23,"column":7}},{"start":{"line":14,"column":6},"end":{"line":23,"column":7}}],"line":14},"1":{"loc":{"start":{"line":17,"column":13},"end":{"line":23,"column":7}},"type":"if","locations":[{"start":{"line":17,"column":13},"end":{"line":23,"column":7}},{"start":{"line":17,"column":13},"end":{"line":23,"column":7}}],"line":17},"2":{"loc":{"start":{"line":136,"column":6},"end":{"line":144,"column":7}},"type":"if","locations":[{"start":{"line":136,"column":6},"end":{"line":144,"column":7}},{"start":{"line":136,"column":6},"end":{"line":144,"column":7}}],"line":136},"3":{"loc":{"start":{"line":138,"column":13},"end":{"line":144,"column":7}},"type":"if","locations":[{"start":{"line":138,"column":13},"end":{"line":144,"column":7}},{"start":{"line":138,"column":13},"end":{"line":144,"column":7}}],"line":138}},"s":{"0":14,"1":1,"2":0,"3":0,"4":0,"5":0,"6":0,"7":0,"8":0,"9":1,"10":1,"11":0,"12":1,"13":0,"14":0,"15":0,"16":0,"17":0,"18":0,"19":1,"20":0,"21":1,"22":1,"23":0,"24":0,"25":1,"26":1,"27":0,"28":0,"29":1,"30":1,"31":0,"32":1,"33":1,"34":0,"35":1,"36":1,"37":1,"38":1,"39":0,"40":1,"41":1,"42":0,"43":0,"44":0,"45":0,"46":0,"47":0,"48":0,"49":1,"50":1,"51":0,"52":1,"53":1,"54":1,"55":1,"56":0,"57":0,"58":0,"59":0,"60":1,"61":0,"62":0,"63":0,"64":0,"65":0,"66":0,"67":0,"68":0,"69":0,"70":1,"71":0,"72":1},"f":{"0":0,"1":1,"2":0,"3":1,"4":0,"5":0,"6":0,"7":0,"8":0,"9":1,"10":0,"11":1,"12":0,"13":1,"14":0,"15":1,"16":0,"17":1,"18":0,"19":1,"20":0,"21":1,"22":0,"23":1,"24":0,"25":1,"26":0,"27":0,"28":0,"29":1},"b":{"0":[0,0],"1":[0,0],"2":[0,0],"3":[0,0]},"_coverageSchema":"332fd63041d2c1bcb487cc26dd0d5f7d97098a6c","hash":"6a075acb9cea5475016af77041801dee214a9d0a"}
}
