TN:
SF:/Users/andeladeveloper/Desktop/post-it-app/server/app.js
FN:14,(anonymous_0)
FN:18,(anonymous_1)
FNF:2
FNH:1
FNDA:1,(anonymous_0)
FNDA:0,(anonymous_1)
DA:1,1
DA:2,1
DA:3,1
DA:4,1
DA:6,1
DA:8,1
DA:9,1
DA:10,1
DA:11,1
DA:12,1
DA:13,1
DA:14,1
DA:15,1
DA:18,1
DA:19,0
DA:22,1
DA:24,1
LF:17
LH:16
BRDA:8,0,0,1
BRDA:8,0,1,1
BRF:2
BRH:2
end_of_record
TN:
SF:/Users/andeladeveloper/Desktop/post-it-app/server/config.js
FNF:0
FNH:0
DA:1,1
DA:3,1
DA:12,1
DA:14,1
DA:16,1
DA:17,1
DA:18,1
DA:20,1
DA:21,1
LF:9
LH:9
BRF:0
BRH:0
end_of_record
TN:
SF:/Users/andeladeveloper/Desktop/post-it-app/server/router.js
FNF:0
FNH:0
DA:1,1
DA:2,1
DA:3,1
DA:4,1
DA:6,1
DA:7,1
DA:8,1
DA:9,1
DA:10,1
DA:11,1
DA:12,1
DA:13,1
DA:14,1
DA:15,1
DA:16,1
DA:17,1
DA:18,1
DA:19,1
DA:20,1
DA:21,1
DA:23,1
LF:21
LH:21
BRF:0
BRH:0
end_of_record
TN:
SF:/Users/andeladeveloper/Desktop/post-it-app/server/controllers/Group.js
FN:36,(anonymous_7)
FN:42,(anonymous_8)
FN:54,(anonymous_9)
FN:60,(anonymous_10)
FN:66,(anonymous_11)
FN:105,(anonymous_13)
FN:111,(anonymous_14)
FN:120,(anonymous_15)
FN:130,(anonymous_16)
FN:142,(anonymous_17)
FN:168,(anonymous_19)
FN:178,(anonymous_20)
FN:179,(anonymous_21)
FN:186,(anonymous_22)
FN:213,(anonymous_24)
FN:226,(anonymous_25)
FN:228,(anonymous_26)
FN:242,(anonymous_27)
FN:244,(anonymous_28)
FN:263,(anonymous_29)
FN:265,(anonymous_30)
FN:268,(anonymous_31)
FNF:22
FNH:13
FNDA:2,(anonymous_7)
FNDA:2,(anonymous_8)
FNDA:0,(anonymous_9)
FNDA:0,(anonymous_10)
FNDA:0,(anonymous_11)
FNDA:3,(anonymous_13)
FNDA:3,(anonymous_14)
FNDA:2,(anonymous_15)
FNDA:2,(anonymous_16)
FNDA:0,(anonymous_17)
FNDA:2,(anonymous_19)
FNDA:2,(anonymous_20)
FNDA:17,(anonymous_21)
FNDA:0,(anonymous_22)
FNDA:1,(anonymous_24)
FNDA:1,(anonymous_25)
FNDA:0,(anonymous_26)
FNDA:1,(anonymous_27)
FNDA:0,(anonymous_28)
FNDA:1,(anonymous_29)
FNDA:0,(anonymous_30)
FNDA:0,(anonymous_31)
DA:1,1
DA:2,1
DA:19,4
DA:20,2
DA:21,2
DA:22,2
DA:24,2
DA:26,0
DA:29,2
DA:31,0
DA:36,2
DA:37,2
DA:38,2
DA:40,2
DA:41,2
DA:42,2
DA:43,2
DA:44,0
DA:46,0
DA:47,0
DA:48,0
DA:49,0
DA:51,0
DA:55,0
DA:61,0
DA:64,2
DA:67,0
DA:72,0
DA:87,6
DA:88,3
DA:89,3
DA:90,3
DA:92,3
DA:93,0
DA:98,3
DA:100,0
DA:105,3
DA:106,3
DA:107,0
DA:109,3
DA:110,3
DA:111,3
DA:112,3
DA:113,2
DA:114,2
DA:115,2
DA:116,2
DA:120,2
DA:121,2
DA:122,1
DA:124,1
DA:125,1
DA:127,1
DA:131,2
DA:138,1
DA:143,0
DA:148,0
DA:164,2
DA:165,2
DA:166,2
DA:168,2
DA:169,2
DA:170,1
DA:172,2
DA:173,2
DA:174,2
DA:175,2
DA:179,2
DA:180,17
DA:183,17
DA:185,2
DA:187,0
DA:192,0
DA:207,1
DA:208,1
DA:210,1
DA:211,1
DA:213,1
DA:214,1
DA:215,0
DA:217,1
DA:218,1
DA:219,1
DA:220,1
DA:226,1
DA:227,1
DA:228,1
DA:229,0
DA:236,0
DA:239,1
DA:242,1
DA:243,1
DA:244,1
DA:245,0
DA:248,0
DA:251,1
DA:258,1
DA:263,1
DA:264,1
DA:265,1
DA:266,0
DA:268,1
DA:269,0
DA:270,0
DA:275,0
DA:283,1
LF:106
LH:78
BRDA:24,0,0,0
BRDA:24,0,1,2
BRDA:24,1,0,2
BRDA:24,1,1,2
BRDA:29,2,0,0
BRDA:29,2,1,2
BRDA:29,3,0,2
BRDA:29,3,1,2
BRDA:37,4,0,2
BRDA:37,4,1,0
BRDA:40,5,0,2
BRDA:40,5,1,0
BRDA:40,6,0,2
BRDA:40,6,1,0
BRDA:43,7,0,0
BRDA:43,7,1,2
BRDA:92,8,0,0
BRDA:92,8,1,3
BRDA:92,9,0,3
BRDA:92,9,1,3
BRDA:98,10,0,0
BRDA:98,10,1,3
BRDA:98,11,0,3
BRDA:98,11,1,3
BRDA:106,12,0,0
BRDA:106,12,1,3
BRDA:109,13,0,3
BRDA:109,13,1,0
BRDA:109,14,0,3
BRDA:109,14,1,0
BRDA:112,15,0,2
BRDA:112,15,1,1
BRDA:121,16,0,1
BRDA:121,16,1,1
BRDA:169,17,0,1
BRDA:169,17,1,1
BRDA:172,18,0,2
BRDA:172,18,1,0
BRDA:172,19,0,2
BRDA:172,19,1,0
BRDA:214,20,0,0
BRDA:214,20,1,1
BRDA:217,21,0,1
BRDA:217,21,1,0
BRDA:217,22,0,1
BRDA:217,22,1,0
BRF:46
BRH:30
end_of_record
TN:
SF:/Users/andeladeveloper/Desktop/post-it-app/server/controllers/Message.js
FN:30,(anonymous_8)
FN:57,(anonymous_9)
FN:68,(anonymous_10)
FN:80,(anonymous_11)
FN:81,(anonymous_12)
FN:84,(anonymous_13)
FN:100,(anonymous_14)
FN:101,(anonymous_15)
FN:121,(anonymous_16)
FN:132,(anonymous_17)
FN:133,(anonymous_18)
FN:141,(anonymous_19)
FN:169,(anonymous_21)
FN:177,(anonymous_22)
FNF:14
FNH:10
FNDA:3,(anonymous_8)
FNDA:1,(anonymous_9)
FNDA:0,(anonymous_10)
FNDA:1,(anonymous_11)
FNDA:2,(anonymous_12)
FNDA:2,(anonymous_13)
FNDA:1,(anonymous_14)
FNDA:60,(anonymous_15)
FNDA:0,(anonymous_16)
FNDA:1,(anonymous_17)
FNDA:60,(anonymous_18)
FNDA:0,(anonymous_19)
FNDA:1,(anonymous_21)
FNDA:0,(anonymous_22)
DA:1,1
DA:2,1
DA:3,1
DA:4,1
DA:6,1
DA:7,1
DA:25,15
DA:26,3
DA:27,3
DA:28,3
DA:30,3
DA:31,3
DA:32,0
DA:34,3
DA:35,3
DA:36,1
DA:39,2
DA:40,1
DA:44,1
DA:51,1
DA:58,1
DA:69,0
DA:74,1
DA:75,1
DA:80,1
DA:81,1
DA:82,2
DA:84,1
DA:85,2
DA:86,0
DA:88,2
DA:89,2
DA:94,1
DA:95,1
DA:100,1
DA:101,1
DA:102,60
DA:104,1
DA:106,1
DA:107,0
DA:114,0
DA:121,0
DA:126,1
DA:127,1
DA:132,1
DA:133,1
DA:134,60
DA:136,1
DA:137,0
DA:141,0
DA:142,0
DA:150,0
DA:164,2
DA:165,1
DA:166,1
DA:170,1
DA:178,0
DA:187,1
LF:58
LH:47
BRDA:31,0,0,0
BRDA:31,0,1,3
BRDA:34,1,0,3
BRDA:34,1,1,0
BRDA:34,2,0,3
BRDA:34,2,1,0
BRDA:35,3,0,1
BRDA:35,3,1,2
BRDA:39,4,0,1
BRDA:39,4,1,1
BRDA:85,5,0,0
BRDA:85,5,1,2
BRDA:106,6,0,0
BRDA:106,6,1,1
BRDA:106,7,0,1
BRDA:106,7,1,1
BRDA:136,8,0,0
BRDA:136,8,1,1
BRF:18
BRH:12
end_of_record
TN:
SF:/Users/andeladeveloper/Desktop/post-it-app/server/controllers/User.js
FN:32,(anonymous_7)
FN:37,(anonymous_8)
FN:51,(anonymous_9)
FN:93,(anonymous_11)
FN:111,(anonymous_12)
FN:140,(anonymous_14)
FN:146,(anonymous_15)
FN:152,(anonymous_16)
FN:153,(anonymous_17)
FN:166,(anonymous_18)
FN:196,(anonymous_20)
FN:200,(anonymous_21)
FN:221,(anonymous_23)
FN:232,(anonymous_24)
FN:233,(anonymous_25)
FN:240,(anonymous_26)
FN:266,(anonymous_28)
FN:268,(anonymous_29)
FN:278,(anonymous_30)
FN:303,(anonymous_32)
FN:305,(anonymous_33)
FN:315,(anonymous_34)
FN:339,(anonymous_36)
FN:341,(anonymous_37)
FN:351,(anonymous_38)
FN:378,(anonymous_40)
FN:382,(anonymous_41)
FN:391,(anonymous_42)
FNF:28
FNH:19
FNDA:0,(anonymous_7)
FNDA:0,(anonymous_8)
FNDA:4,(anonymous_9)
FNDA:1,(anonymous_11)
FNDA:0,(anonymous_12)
FNDA:5,(anonymous_14)
FNDA:5,(anonymous_15)
FNDA:5,(anonymous_16)
FNDA:292,(anonymous_17)
FNDA:3,(anonymous_18)
FNDA:1,(anonymous_20)
FNDA:0,(anonymous_21)
FNDA:2,(anonymous_23)
FNDA:2,(anonymous_24)
FNDA:8,(anonymous_25)
FNDA:0,(anonymous_26)
FNDA:1,(anonymous_28)
FNDA:23,(anonymous_29)
FNDA:0,(anonymous_30)
FNDA:1,(anonymous_32)
FNDA:23,(anonymous_33)
FNDA:0,(anonymous_34)
FNDA:1,(anonymous_36)
FNDA:23,(anonymous_37)
FNDA:0,(anonymous_38)
FNDA:1,(anonymous_40)
FNDA:2,(anonymous_41)
FNDA:0,(anonymous_42)
DA:1,1
DA:17,48
DA:18,12
DA:20,12
DA:22,4
DA:25,8
DA:27,4
DA:31,4
DA:33,0
DA:34,0
DA:37,0
DA:38,0
DA:45,0
DA:52,4
DA:53,4
DA:54,1
DA:57,3
DA:58,1
DA:61,2
DA:62,2
DA:79,36
DA:80,9
DA:82,9
DA:84,4
DA:87,5
DA:89,4
DA:93,1
DA:94,1
DA:95,0
DA:102,0
DA:107,1
DA:112,0
DA:128,24
DA:129,12
DA:130,12
DA:131,2
DA:134,10
DA:135,2
DA:139,8
DA:141,5
DA:142,5
DA:146,5
DA:147,5
DA:148,5
DA:149,5
DA:152,5
DA:153,5
DA:154,292
DA:157,292
DA:159,5
DA:167,3
DA:168,3
DA:169,1
DA:172,2
DA:173,1
DA:176,1
DA:177,1
DA:196,1
DA:197,1
DA:201,0
DA:217,2
DA:218,2
DA:219,2
DA:221,2
DA:222,2
DA:223,1
DA:225,2
DA:226,2
DA:227,2
DA:228,2
DA:232,2
DA:233,2
DA:234,8
DA:237,8
DA:239,2
DA:241,0
DA:246,0
DA:264,1
DA:265,1
DA:266,1
DA:267,1
DA:268,1
DA:269,23
DA:271,1
DA:272,0
DA:276,1
DA:279,0
DA:284,0
DA:301,1
DA:302,1
DA:303,1
DA:304,1
DA:305,1
DA:306,23
DA:308,1
DA:309,0
DA:313,1
DA:316,0
DA:321,0
DA:337,1
DA:338,1
DA:339,1
DA:340,1
DA:341,1
DA:342,23
DA:344,1
DA:345,0
DA:349,1
DA:352,0
DA:357,0
DA:373,3
DA:374,3
DA:376,3
DA:377,3
DA:378,3
DA:379,1
DA:383,2
DA:384,2
DA:385,1
DA:388,1
DA:389,1
DA:392,0
DA:397,0
DA:403,1
LF:124
LH:102
BRDA:20,0,0,4
BRDA:20,0,1,8
BRDA:20,1,0,12
BRDA:20,1,1,11
BRDA:20,1,2,10
BRDA:20,1,3,9
BRDA:25,2,0,4
BRDA:25,2,1,4
BRDA:25,3,0,8
BRDA:25,3,1,7
BRDA:25,3,2,6
BRDA:25,3,3,5
BRDA:53,4,0,1
BRDA:53,4,1,3
BRDA:57,5,0,1
BRDA:57,5,1,2
BRDA:61,6,0,2
BRDA:61,6,1,0
BRDA:82,7,0,4
BRDA:82,7,1,5
BRDA:82,8,0,9
BRDA:82,8,1,8
BRDA:82,8,2,7
BRDA:82,8,3,6
BRDA:87,9,0,4
BRDA:87,9,1,1
BRDA:87,10,0,5
BRDA:87,10,1,4
BRDA:87,10,2,3
BRDA:87,10,3,2
BRDA:94,11,0,0
BRDA:94,11,1,1
BRDA:130,12,0,2
BRDA:130,12,1,10
BRDA:130,13,0,12
BRDA:130,13,1,11
BRDA:134,14,0,2
BRDA:134,14,1,8
BRDA:134,15,0,10
BRDA:134,15,1,9
BRDA:168,16,0,1
BRDA:168,16,1,2
BRDA:172,17,0,1
BRDA:172,17,1,1
BRDA:176,18,0,1
BRDA:176,18,1,0
BRDA:222,19,0,1
BRDA:222,19,1,1
BRDA:225,20,0,2
BRDA:225,20,1,0
BRDA:225,21,0,2
BRDA:225,21,1,0
BRDA:265,22,0,1
BRDA:265,22,1,0
BRDA:271,23,0,0
BRDA:271,23,1,1
BRDA:302,24,0,1
BRDA:302,24,1,0
BRDA:308,25,0,0
BRDA:308,25,1,1
BRDA:338,26,0,1
BRDA:338,26,1,0
BRDA:344,27,0,0
BRDA:344,27,1,1
BRDA:377,28,0,3
BRDA:377,28,1,0
BRDA:384,29,0,1
BRDA:384,29,1,1
BRDA:388,30,0,1
BRDA:388,30,1,0
BRF:70
BRH:57
end_of_record
TN:
SF:/Users/andeladeveloper/Desktop/post-it-app/server/helpers/validate.helper.js
FN:1,validStringLength
FN:8,validStringContent
FNF:2
FNH:2
FNDA:14,validStringLength
FNDA:9,validStringContent
DA:1,1
DA:2,14
DA:3,9
DA:5,5
DA:8,1
DA:9,9
DA:10,2
DA:12,7
DA:16,1
LF:9
LH:9
BRDA:2,0,0,9
BRDA:2,0,1,5
BRDA:2,1,0,14
BRDA:2,1,1,10
BRDA:9,2,0,2
BRDA:9,2,1,7
BRDA:9,3,0,9
BRDA:9,3,1,8
BRF:8
BRH:8
end_of_record
